2023/07/20 13:11:09 [notice] 1#1: using the "epoll" event method
2023/07/20 13:11:09 [notice] 1#1: nginx/1.23.4
2023/07/20 13:11:09 [notice] 1#1: built by gcc 10.2.1 20210110 (Debian 10.2.1-6) 
2023/07/20 13:11:09 [notice] 1#1: OS: Linux 5.15.90.1-microsoft-standard-WSL2
2023/07/20 13:11:09 [notice] 1#1: getrlimit(RLIMIT_NOFILE): 1048576:1048576
2023/07/20 13:11:09 [notice] 1#1: start worker processes
2023/07/20 13:11:09 [notice] 1#1: start worker process 20
2023/07/20 13:11:09 [notice] 1#1: start worker process 21
2023/07/20 13:11:09 [notice] 1#1: start worker process 22
2023/07/20 13:11:09 [notice] 1#1: start worker process 23
2023/07/20 13:11:09 [notice] 1#1: start worker process 24
2023/07/20 13:11:09 [notice] 1#1: start worker process 25
2023/07/20 13:11:09 [notice] 1#1: start worker process 26
2023/07/20 13:11:09 [notice] 1#1: start worker process 27
2023/07/20 13:11:09 [notice] 1#1: start worker process 28
2023/07/20 13:11:09 [notice] 1#1: start worker process 29
2023/07/20 13:11:09 [notice] 1#1: start worker process 30
2023/07/20 13:11:09 [notice] 1#1: start worker process 31
2023/07/20 13:11:09 [notice] 1#1: start worker process 32
2023/07/20 13:11:09 [notice] 1#1: start worker process 33
2023/07/20 13:11:09 [notice] 1#1: start worker process 34
2023/07/20 13:11:09 [notice] 1#1: start worker process 35
2023/07/20 13:12:08 [error] 20#20: *1 "/home/ucc/app/public/index.html" is not found (2: No such file or directory), client: 172.19.0.1, server: localhost, request: "GET / HTTP/1.1", host: "localhost"
2023/07/20 13:12:08 [error] 20#20: *1 open() "/home/ucc/app/public/favicon.ico" failed (2: No such file or directory), client: 172.19.0.1, server: localhost, request: "GET /favicon.ico HTTP/1.1", host: "localhost", referrer: "http://localhost/"
2023/07/20 13:13:14 [notice] 1#1: signal 3 (SIGQUIT) received, shutting down
2023/07/20 13:13:14 [notice] 20#20: gracefully shutting down
2023/07/20 13:13:14 [notice] 20#20: exiting
2023/07/20 13:13:14 [notice] 21#21: gracefully shutting down
2023/07/20 13:13:14 [notice] 22#22: gracefully shutting down
2023/07/20 13:13:14 [notice] 21#21: exiting
2023/07/20 13:13:14 [notice] 23#23: gracefully shutting down
2023/07/20 13:13:14 [notice] 20#20: exit
2023/07/20 13:13:14 [notice] 23#23: exiting
2023/07/20 13:13:14 [notice] 25#25: gracefully shutting down
2023/07/20 13:13:14 [notice] 21#21: exit
2023/07/20 13:13:14 [notice] 24#24: gracefully shutting down
2023/07/20 13:13:14 [notice] 22#22: exiting
2023/07/20 13:13:14 [notice] 31#31: gracefully shutting down
2023/07/20 13:13:14 [notice] 23#23: exit
2023/07/20 13:13:14 [notice] 24#24: exiting
2023/07/20 13:13:14 [notice] 31#31: exiting
2023/07/20 13:13:14 [notice] 25#25: exiting
2023/07/20 13:13:14 [notice] 22#22: exit
2023/07/20 13:13:14 [notice] 26#26: gracefully shutting down
2023/07/20 13:13:14 [notice] 30#30: gracefully shutting down
2023/07/20 13:13:14 [notice] 28#28: gracefully shutting down
2023/07/20 13:13:14 [notice] 24#24: exit
2023/07/20 13:13:14 [notice] 26#26: exiting
2023/07/20 13:13:14 [notice] 30#30: exiting
2023/07/20 13:13:14 [notice] 31#31: exit
2023/07/20 13:13:14 [notice] 25#25: exit
2023/07/20 13:13:14 [notice] 28#28: exiting
2023/07/20 13:13:14 [notice] 30#30: exit
2023/07/20 13:13:14 [notice] 26#26: exit
2023/07/20 13:13:14 [notice] 28#28: exit
2023/07/20 13:13:14 [notice] 29#29: gracefully shutting down
2023/07/20 13:13:14 [notice] 32#32: gracefully shutting down
2023/07/20 13:13:14 [notice] 27#27: gracefully shutting down
2023/07/20 13:13:14 [notice] 33#33: gracefully shutting down
2023/07/20 13:13:14 [notice] 34#34: gracefully shutting down
2023/07/20 13:13:14 [notice] 29#29: exiting
2023/07/20 13:13:14 [notice] 32#32: exiting
2023/07/20 13:13:14 [notice] 27#27: exiting
2023/07/20 13:13:14 [notice] 33#33: exiting
2023/07/20 13:13:14 [notice] 34#34: exiting
2023/07/20 13:13:14 [notice] 29#29: exit
2023/07/20 13:13:14 [notice] 32#32: exit
2023/07/20 13:13:14 [notice] 27#27: exit
2023/07/20 13:13:14 [notice] 34#34: exit
2023/07/20 13:13:14 [notice] 33#33: exit
2023/07/20 13:13:14 [notice] 35#35: gracefully shutting down
2023/07/20 13:13:14 [notice] 35#35: exiting
2023/07/20 13:13:14 [notice] 35#35: exit
2023/07/20 13:13:15 [notice] 1#1: signal 17 (SIGCHLD) received from 34
2023/07/20 13:13:15 [notice] 1#1: worker process 34 exited with code 0
2023/07/20 13:13:15 [notice] 1#1: signal 29 (SIGIO) received
2023/07/20 13:13:15 [notice] 1#1: signal 17 (SIGCHLD) received from 20
2023/07/20 13:13:15 [notice] 1#1: worker process 20 exited with code 0
2023/07/20 13:13:15 [notice] 1#1: worker process 26 exited with code 0
2023/07/20 13:13:15 [notice] 1#1: signal 29 (SIGIO) received
2023/07/20 13:13:15 [notice] 1#1: signal 17 (SIGCHLD) received from 24
2023/07/20 13:13:15 [notice] 1#1: worker process 21 exited with code 0
2023/07/20 13:13:15 [notice] 1#1: worker process 22 exited with code 0
2023/07/20 13:13:15 [notice] 1#1: worker process 24 exited with code 0
2023/07/20 13:13:15 [notice] 1#1: worker process 28 exited with code 0
2023/07/20 13:13:15 [notice] 1#1: worker process 30 exited with code 0
2023/07/20 13:13:15 [notice] 1#1: worker process 31 exited with code 0
2023/07/20 13:13:15 [notice] 1#1: worker process 33 exited with code 0
2023/07/20 13:13:15 [notice] 1#1: worker process 35 exited with code 0
2023/07/20 13:13:15 [notice] 1#1: signal 29 (SIGIO) received
2023/07/20 13:13:15 [notice] 1#1: signal 17 (SIGCHLD) received from 35
2023/07/20 13:13:15 [notice] 1#1: worker process 29 exited with code 0
2023/07/20 13:13:15 [notice] 1#1: signal 29 (SIGIO) received
2023/07/20 13:13:15 [notice] 1#1: signal 17 (SIGCHLD) received from 32
2023/07/20 13:13:15 [notice] 1#1: worker process 23 exited with code 0
2023/07/20 13:13:15 [notice] 1#1: worker process 25 exited with code 0
2023/07/20 13:13:15 [notice] 1#1: worker process 27 exited with code 0
2023/07/20 13:13:15 [notice] 1#1: worker process 32 exited with code 0
2023/07/20 13:13:15 [notice] 1#1: exit
2023/07/20 13:13:21 [notice] 1#1: using the "epoll" event method
2023/07/20 13:13:21 [notice] 1#1: nginx/1.23.4
2023/07/20 13:13:21 [notice] 1#1: built by gcc 10.2.1 20210110 (Debian 10.2.1-6) 
2023/07/20 13:13:21 [notice] 1#1: OS: Linux 5.15.90.1-microsoft-standard-WSL2
2023/07/20 13:13:21 [notice] 1#1: getrlimit(RLIMIT_NOFILE): 1048576:1048576
2023/07/20 13:13:21 [notice] 1#1: start worker processes
2023/07/20 13:13:21 [notice] 1#1: start worker process 20
2023/07/20 13:13:21 [notice] 1#1: start worker process 21
2023/07/20 13:13:21 [notice] 1#1: start worker process 22
2023/07/20 13:13:21 [notice] 1#1: start worker process 23
2023/07/20 13:13:21 [notice] 1#1: start worker process 24
2023/07/20 13:13:21 [notice] 1#1: start worker process 25
2023/07/20 13:13:21 [notice] 1#1: start worker process 26
2023/07/20 13:13:21 [notice] 1#1: start worker process 27
2023/07/20 13:13:21 [notice] 1#1: start worker process 28
2023/07/20 13:13:21 [notice] 1#1: start worker process 29
2023/07/20 13:13:21 [notice] 1#1: start worker process 30
2023/07/20 13:13:21 [notice] 1#1: start worker process 31
2023/07/20 13:13:21 [notice] 1#1: start worker process 32
2023/07/20 13:13:21 [notice] 1#1: start worker process 33
2023/07/20 13:13:21 [notice] 1#1: start worker process 34
2023/07/20 13:13:21 [notice] 1#1: start worker process 35
2023/07/20 13:13:56 [error] 20#20: *1 "/home/ucc/app/public/index.html" is not found (2: No such file or directory), client: 172.19.0.1, server: localhost, request: "GET / HTTP/1.1", host: "localhost"
2023/07/20 13:13:56 [error] 20#20: *1 "/home/ucc/app/public/index.html" is not found (2: No such file or directory), client: 172.19.0.1, server: localhost, request: "GET / HTTP/1.1", host: "localhost"
2023/07/20 13:13:57 [error] 20#20: *1 "/home/ucc/app/public/index.html" is not found (2: No such file or directory), client: 172.19.0.1, server: localhost, request: "GET / HTTP/1.1", host: "localhost"
2023/07/20 13:14:12 [notice] 1#1: signal 3 (SIGQUIT) received, shutting down
2023/07/20 13:14:12 [notice] 21#21: gracefully shutting down
2023/07/20 13:14:12 [notice] 21#21: exiting
2023/07/20 13:14:12 [notice] 22#22: gracefully shutting down
2023/07/20 13:14:12 [notice] 24#24: gracefully shutting down
2023/07/20 13:14:12 [notice] 22#22: exiting
2023/07/20 13:14:12 [notice] 25#25: gracefully shutting down
2023/07/20 13:14:12 [notice] 21#21: exit
2023/07/20 13:14:12 [notice] 26#26: gracefully shutting down
2023/07/20 13:14:12 [notice] 24#24: exiting
2023/07/20 13:14:12 [notice] 25#25: exiting
2023/07/20 13:14:12 [notice] 27#27: gracefully shutting down
2023/07/20 13:14:12 [notice] 22#22: exit
2023/07/20 13:14:12 [notice] 26#26: exiting
2023/07/20 13:14:12 [notice] 28#28: gracefully shutting down
2023/07/20 13:14:12 [notice] 27#27: exiting
2023/07/20 13:14:12 [notice] 29#29: gracefully shutting down
2023/07/20 13:14:12 [notice] 25#25: exit
2023/07/20 13:14:12 [notice] 24#24: exit
2023/07/20 13:14:12 [notice] 28#28: exiting
2023/07/20 13:14:12 [notice] 26#26: exit
2023/07/20 13:14:12 [notice] 34#34: gracefully shutting down
2023/07/20 13:14:12 [notice] 30#30: gracefully shutting down
2023/07/20 13:14:12 [notice] 29#29: exiting
2023/07/20 13:14:12 [notice] 27#27: exit
2023/07/20 13:14:12 [notice] 34#34: exiting
2023/07/20 13:14:12 [notice] 30#30: exiting
2023/07/20 13:14:12 [notice] 28#28: exit
2023/07/20 13:14:12 [notice] 29#29: exit
2023/07/20 13:14:12 [notice] 34#34: exit
2023/07/20 13:14:12 [notice] 30#30: exit
2023/07/20 13:14:12 [notice] 20#20: gracefully shutting down
2023/07/20 13:14:12 [notice] 23#23: gracefully shutting down
2023/07/20 13:14:12 [notice] 23#23: exiting
2023/07/20 13:14:12 [notice] 20#20: exiting
2023/07/20 13:14:12 [notice] 23#23: exit
2023/07/20 13:14:12 [notice] 32#32: gracefully shutting down
2023/07/20 13:14:12 [notice] 31#31: gracefully shutting down
2023/07/20 13:14:12 [notice] 20#20: exit
2023/07/20 13:14:12 [notice] 32#32: exiting
2023/07/20 13:14:12 [notice] 31#31: exiting
2023/07/20 13:14:12 [notice] 31#31: exit
2023/07/20 13:14:12 [notice] 32#32: exit
2023/07/20 13:14:12 [notice] 33#33: gracefully shutting down
2023/07/20 13:14:12 [notice] 35#35: gracefully shutting down
2023/07/20 13:14:12 [notice] 33#33: exiting
2023/07/20 13:14:12 [notice] 35#35: exiting
2023/07/20 13:14:12 [notice] 35#35: exit
2023/07/20 13:14:12 [notice] 33#33: exit
2023/07/20 13:14:12 [notice] 1#1: signal 17 (SIGCHLD) received from 26
2023/07/20 13:14:12 [notice] 1#1: worker process 25 exited with code 0
2023/07/20 13:14:12 [notice] 1#1: worker process 26 exited with code 0
2023/07/20 13:14:12 [notice] 1#1: signal 29 (SIGIO) received
2023/07/20 13:14:12 [notice] 1#1: signal 17 (SIGCHLD) received from 25
2023/07/20 13:14:12 [notice] 1#1: worker process 24 exited with code 0
2023/07/20 13:14:12 [notice] 1#1: signal 29 (SIGIO) received
2023/07/20 13:14:12 [notice] 1#1: signal 17 (SIGCHLD) received from 35
2023/07/20 13:14:12 [notice] 1#1: worker process 20 exited with code 0
2023/07/20 13:14:12 [notice] 1#1: worker process 21 exited with code 0
2023/07/20 13:14:12 [notice] 1#1: worker process 22 exited with code 0
2023/07/20 13:14:12 [notice] 1#1: worker process 23 exited with code 0
2023/07/20 13:14:12 [notice] 1#1: worker process 32 exited with code 0
2023/07/20 13:14:12 [notice] 1#1: worker process 34 exited with code 0
2023/07/20 13:14:12 [notice] 1#1: worker process 35 exited with code 0
2023/07/20 13:14:12 [notice] 1#1: signal 29 (SIGIO) received
2023/07/20 13:14:12 [notice] 1#1: signal 17 (SIGCHLD) received from 21
2023/07/20 13:14:12 [notice] 1#1: signal 17 (SIGCHLD) received from 28
2023/07/20 13:14:12 [notice] 1#1: worker process 28 exited with code 0
2023/07/20 13:14:12 [notice] 1#1: signal 29 (SIGIO) received
2023/07/20 13:14:12 [notice] 1#1: signal 17 (SIGCHLD) received from 30
2023/07/20 13:14:12 [notice] 1#1: worker process 30 exited with code 0
2023/07/20 13:14:12 [notice] 1#1: signal 29 (SIGIO) received
2023/07/20 13:14:12 [notice] 1#1: signal 17 (SIGCHLD) received from 27
2023/07/20 13:14:12 [notice] 1#1: worker process 27 exited with code 0
2023/07/20 13:14:12 [notice] 1#1: signal 29 (SIGIO) received
2023/07/20 13:14:12 [notice] 1#1: signal 17 (SIGCHLD) received from 31
2023/07/20 13:14:12 [notice] 1#1: worker process 29 exited with code 0
2023/07/20 13:14:12 [notice] 1#1: worker process 31 exited with code 0
2023/07/20 13:14:12 [notice] 1#1: worker process 33 exited with code 0
2023/07/20 13:14:12 [notice] 1#1: exit
2023/07/20 13:15:11 [notice] 1#1: using the "epoll" event method
2023/07/20 13:15:11 [notice] 1#1: nginx/1.23.4
2023/07/20 13:15:11 [notice] 1#1: built by gcc 10.2.1 20210110 (Debian 10.2.1-6) 
2023/07/20 13:15:11 [notice] 1#1: OS: Linux 5.15.90.1-microsoft-standard-WSL2
2023/07/20 13:15:11 [notice] 1#1: getrlimit(RLIMIT_NOFILE): 1048576:1048576
2023/07/20 13:15:11 [notice] 1#1: start worker processes
2023/07/20 13:15:11 [notice] 1#1: start worker process 20
2023/07/20 13:15:11 [notice] 1#1: start worker process 21
2023/07/20 13:15:11 [notice] 1#1: start worker process 22
2023/07/20 13:15:11 [notice] 1#1: start worker process 23
2023/07/20 13:15:11 [notice] 1#1: start worker process 24
2023/07/20 13:15:11 [notice] 1#1: start worker process 25
2023/07/20 13:15:11 [notice] 1#1: start worker process 26
2023/07/20 13:15:11 [notice] 1#1: start worker process 27
2023/07/20 13:15:11 [notice] 1#1: start worker process 28
2023/07/20 13:15:11 [notice] 1#1: start worker process 29
2023/07/20 13:15:11 [notice] 1#1: start worker process 30
2023/07/20 13:15:11 [notice] 1#1: start worker process 31
2023/07/20 13:15:11 [notice] 1#1: start worker process 32
2023/07/20 13:15:11 [notice] 1#1: start worker process 33
2023/07/20 13:15:11 [notice] 1#1: start worker process 34
2023/07/20 13:15:11 [notice] 1#1: start worker process 35
2023/07/20 13:15:30 [error] 20#20: *1 "/home/ucc/app/public/index.html" is not found (2: No such file or directory), client: 172.20.0.1, server: localhost, request: "GET / HTTP/1.1", host: "localhost"
2023/07/20 13:15:42 [notice] 1#1: signal 3 (SIGQUIT) received, shutting down
2023/07/20 13:15:42 [notice] 20#20: gracefully shutting down
2023/07/20 13:15:42 [notice] 22#22: gracefully shutting down
2023/07/20 13:15:42 [notice] 23#23: gracefully shutting down
2023/07/20 13:15:42 [notice] 21#21: gracefully shutting down
2023/07/20 13:15:42 [notice] 26#26: gracefully shutting down
2023/07/20 13:15:42 [notice] 24#24: gracefully shutting down
2023/07/20 13:15:42 [notice] 22#22: exiting
2023/07/20 13:15:42 [notice] 25#25: gracefully shutting down
2023/07/20 13:15:42 [notice] 23#23: exiting
2023/07/20 13:15:42 [notice] 20#20: exiting
2023/07/20 13:15:42 [notice] 32#32: gracefully shutting down
2023/07/20 13:15:42 [notice] 21#21: exiting
2023/07/20 13:15:42 [notice] 26#26: exiting
2023/07/20 13:15:42 [notice] 24#24: exiting
2023/07/20 13:15:42 [notice] 25#25: exiting
2023/07/20 13:15:42 [notice] 27#27: gracefully shutting down
2023/07/20 13:15:42 [notice] 35#35: gracefully shutting down
2023/07/20 13:15:42 [notice] 32#32: exiting
2023/07/20 13:15:42 [notice] 27#27: exiting
2023/07/20 13:15:42 [notice] 22#22: exit
2023/07/20 13:15:42 [notice] 23#23: exit
2023/07/20 13:15:42 [notice] 21#21: exit
2023/07/20 13:15:42 [notice] 35#35: exiting
2023/07/20 13:15:42 [notice] 20#20: exit
2023/07/20 13:15:42 [notice] 25#25: exit
2023/07/20 13:15:42 [notice] 26#26: exit
2023/07/20 13:15:42 [notice] 24#24: exit
2023/07/20 13:15:42 [notice] 32#32: exit
2023/07/20 13:15:42 [notice] 27#27: exit
2023/07/20 13:15:42 [notice] 35#35: exit
2023/07/20 13:15:42 [notice] 29#29: gracefully shutting down
2023/07/20 13:15:42 [notice] 29#29: exiting
2023/07/20 13:15:42 [notice] 29#29: exit
2023/07/20 13:15:42 [notice] 31#31: gracefully shutting down
2023/07/20 13:15:42 [notice] 33#33: gracefully shutting down
2023/07/20 13:15:42 [notice] 34#34: gracefully shutting down
2023/07/20 13:15:42 [notice] 31#31: exiting
2023/07/20 13:15:42 [notice] 33#33: exiting
2023/07/20 13:15:42 [notice] 34#34: exiting
2023/07/20 13:15:42 [notice] 31#31: exit
2023/07/20 13:15:42 [notice] 34#34: exit
2023/07/20 13:15:42 [notice] 28#28: gracefully shutting down
2023/07/20 13:15:42 [notice] 33#33: exit
2023/07/20 13:15:42 [notice] 28#28: exiting
2023/07/20 13:15:42 [notice] 28#28: exit
2023/07/20 13:15:42 [notice] 30#30: gracefully shutting down
2023/07/20 13:15:42 [notice] 30#30: exiting
2023/07/20 13:15:42 [notice] 30#30: exit
2023/07/20 13:15:43 [notice] 1#1: signal 17 (SIGCHLD) received from 27
2023/07/20 13:15:43 [notice] 1#1: worker process 21 exited with code 0
2023/07/20 13:15:43 [notice] 1#1: worker process 22 exited with code 0
2023/07/20 13:15:43 [notice] 1#1: worker process 24 exited with code 0
2023/07/20 13:15:43 [notice] 1#1: worker process 26 exited with code 0
2023/07/20 13:15:43 [notice] 1#1: worker process 27 exited with code 0
2023/07/20 13:15:43 [notice] 1#1: worker process 23 exited with code 0
2023/07/20 13:15:43 [notice] 1#1: worker process 31 exited with code 0
2023/07/20 13:15:43 [notice] 1#1: worker process 32 exited with code 0
2023/07/20 13:15:43 [notice] 1#1: worker process 33 exited with code 0
2023/07/20 13:15:43 [notice] 1#1: signal 29 (SIGIO) received
2023/07/20 13:15:43 [notice] 1#1: signal 17 (SIGCHLD) received from 22
2023/07/20 13:15:43 [notice] 1#1: signal 17 (SIGCHLD) received from 29
2023/07/20 13:15:43 [notice] 1#1: worker process 29 exited with code 0
2023/07/20 13:15:43 [notice] 1#1: worker process 30 exited with code 0
2023/07/20 13:15:43 [notice] 1#1: signal 29 (SIGIO) received
2023/07/20 13:15:43 [notice] 1#1: signal 17 (SIGCHLD) received from 30
2023/07/20 13:15:43 [notice] 1#1: signal 17 (SIGCHLD) received from 35
2023/07/20 13:15:43 [notice] 1#1: worker process 35 exited with code 0
2023/07/20 13:15:43 [notice] 1#1: signal 29 (SIGIO) received
2023/07/20 13:15:43 [notice] 1#1: signal 17 (SIGCHLD) received from 25
2023/07/20 13:15:43 [notice] 1#1: worker process 25 exited with code 0
2023/07/20 13:15:43 [notice] 1#1: worker process 34 exited with code 0
2023/07/20 13:15:43 [notice] 1#1: signal 29 (SIGIO) received
2023/07/20 13:15:43 [notice] 1#1: signal 17 (SIGCHLD) received from 34
2023/07/20 13:15:43 [notice] 1#1: signal 17 (SIGCHLD) received from 28
2023/07/20 13:15:43 [notice] 1#1: worker process 20 exited with code 0
2023/07/20 13:15:43 [notice] 1#1: worker process 28 exited with code 0
2023/07/20 13:15:43 [notice] 1#1: exit
2023/07/20 13:18:33 [notice] 1#1: using the "epoll" event method
2023/07/20 13:18:33 [notice] 1#1: nginx/1.23.4
2023/07/20 13:18:33 [notice] 1#1: built by gcc 10.2.1 20210110 (Debian 10.2.1-6) 
2023/07/20 13:18:33 [notice] 1#1: OS: Linux 5.15.90.1-microsoft-standard-WSL2
2023/07/20 13:18:33 [notice] 1#1: getrlimit(RLIMIT_NOFILE): 1048576:1048576
2023/07/20 13:18:33 [notice] 1#1: start worker processes
2023/07/20 13:18:33 [notice] 1#1: start worker process 20
2023/07/20 13:18:33 [notice] 1#1: start worker process 21
2023/07/20 13:18:33 [notice] 1#1: start worker process 22
2023/07/20 13:18:33 [notice] 1#1: start worker process 23
2023/07/20 13:18:33 [notice] 1#1: start worker process 24
2023/07/20 13:18:33 [notice] 1#1: start worker process 25
2023/07/20 13:18:33 [notice] 1#1: start worker process 26
2023/07/20 13:18:33 [notice] 1#1: start worker process 27
2023/07/20 13:18:33 [notice] 1#1: start worker process 28
2023/07/20 13:18:33 [notice] 1#1: start worker process 29
2023/07/20 13:18:33 [notice] 1#1: start worker process 30
2023/07/20 13:18:33 [notice] 1#1: start worker process 31
2023/07/20 13:18:33 [notice] 1#1: start worker process 32
2023/07/20 13:18:33 [notice] 1#1: start worker process 33
2023/07/20 13:18:33 [notice] 1#1: start worker process 34
2023/07/20 13:18:33 [notice] 1#1: start worker process 35
2023/07/20 13:18:40 [notice] 1#1: signal 3 (SIGQUIT) received, shutting down
2023/07/20 13:18:40 [notice] 20#20: gracefully shutting down
2023/07/20 13:18:40 [notice] 21#21: gracefully shutting down
2023/07/20 13:18:40 [notice] 22#22: gracefully shutting down
2023/07/20 13:18:40 [notice] 20#20: exiting
2023/07/20 13:18:40 [notice] 23#23: gracefully shutting down
2023/07/20 13:18:40 [notice] 21#21: exiting
2023/07/20 13:18:40 [notice] 22#22: exiting
2023/07/20 13:18:40 [notice] 24#24: gracefully shutting down
2023/07/20 13:18:40 [notice] 23#23: exiting
2023/07/20 13:18:40 [notice] 24#24: exiting
2023/07/20 13:18:40 [notice] 25#25: gracefully shutting down
2023/07/20 13:18:40 [notice] 21#21: exit
2023/07/20 13:18:40 [notice] 22#22: exit
2023/07/20 13:18:40 [notice] 20#20: exit
2023/07/20 13:18:40 [notice] 25#25: exiting
2023/07/20 13:18:40 [notice] 23#23: exit
2023/07/20 13:18:40 [notice] 24#24: exit
2023/07/20 13:18:40 [notice] 30#30: gracefully shutting down
2023/07/20 13:18:40 [notice] 26#26: gracefully shutting down
2023/07/20 13:18:40 [notice] 30#30: exiting
2023/07/20 13:18:40 [notice] 25#25: exit
2023/07/20 13:18:40 [notice] 26#26: exiting
2023/07/20 13:18:40 [notice] 33#33: gracefully shutting down
2023/07/20 13:18:40 [notice] 30#30: exit
2023/07/20 13:18:40 [notice] 26#26: exit
2023/07/20 13:18:40 [notice] 33#33: exiting
2023/07/20 13:18:40 [notice] 33#33: exit
2023/07/20 13:18:40 [notice] 35#35: gracefully shutting down
2023/07/20 13:18:40 [notice] 34#34: gracefully shutting down
2023/07/20 13:18:40 [notice] 32#32: gracefully shutting down
2023/07/20 13:18:40 [notice] 28#28: gracefully shutting down
2023/07/20 13:18:40 [notice] 27#27: gracefully shutting down
2023/07/20 13:18:40 [notice] 35#35: exiting
2023/07/20 13:18:40 [notice] 34#34: exiting
2023/07/20 13:18:40 [notice] 32#32: exiting
2023/07/20 13:18:40 [notice] 28#28: exiting
2023/07/20 13:18:40 [notice] 27#27: exiting
2023/07/20 13:18:40 [notice] 35#35: exit
2023/07/20 13:18:40 [notice] 34#34: exit
2023/07/20 13:18:40 [notice] 32#32: exit
2023/07/20 13:18:40 [notice] 28#28: exit
2023/07/20 13:18:40 [notice] 27#27: exit
2023/07/20 13:18:40 [notice] 29#29: gracefully shutting down
2023/07/20 13:18:40 [notice] 29#29: exiting
2023/07/20 13:18:40 [notice] 31#31: gracefully shutting down
2023/07/20 13:18:40 [notice] 29#29: exit
2023/07/20 13:18:40 [notice] 31#31: exiting
2023/07/20 13:18:40 [notice] 31#31: exit
2023/07/20 13:18:40 [notice] 1#1: signal 17 (SIGCHLD) received from 25
2023/07/20 13:18:40 [notice] 1#1: worker process 25 exited with code 0
2023/07/20 13:18:40 [notice] 1#1: signal 29 (SIGIO) received
2023/07/20 13:18:40 [notice] 1#1: signal 17 (SIGCHLD) received from 35
2023/07/20 13:18:40 [notice] 1#1: worker process 23 exited with code 0
2023/07/20 13:18:40 [notice] 1#1: worker process 20 exited with code 0
2023/07/20 13:18:40 [notice] 1#1: worker process 27 exited with code 0
2023/07/20 13:18:40 [notice] 1#1: worker process 29 exited with code 0
2023/07/20 13:18:40 [notice] 1#1: worker process 33 exited with code 0
2023/07/20 13:18:40 [notice] 1#1: worker process 35 exited with code 0
2023/07/20 13:18:40 [notice] 1#1: signal 29 (SIGIO) received
2023/07/20 13:18:40 [notice] 1#1: signal 17 (SIGCHLD) received from 23
2023/07/20 13:18:40 [notice] 1#1: signal 17 (SIGCHLD) received from 24
2023/07/20 13:18:40 [notice] 1#1: worker process 24 exited with code 0
2023/07/20 13:18:40 [notice] 1#1: worker process 32 exited with code 0
2023/07/20 13:18:40 [notice] 1#1: signal 29 (SIGIO) received
2023/07/20 13:18:40 [notice] 1#1: signal 17 (SIGCHLD) received from 32
2023/07/20 13:18:40 [notice] 1#1: signal 17 (SIGCHLD) received from 30
2023/07/20 13:18:40 [notice] 1#1: worker process 28 exited with code 0
2023/07/20 13:18:40 [notice] 1#1: worker process 30 exited with code 0
2023/07/20 13:18:40 [notice] 1#1: signal 29 (SIGIO) received
2023/07/20 13:18:40 [notice] 1#1: signal 17 (SIGCHLD) received from 28
2023/07/20 13:18:40 [notice] 1#1: worker process 21 exited with code 0
2023/07/20 13:18:40 [notice] 1#1: worker process 31 exited with code 0
2023/07/20 13:18:40 [notice] 1#1: signal 29 (SIGIO) received
2023/07/20 13:18:40 [notice] 1#1: signal 17 (SIGCHLD) received from 26
2023/07/20 13:18:40 [notice] 1#1: worker process 26 exited with code 0
2023/07/20 13:18:40 [notice] 1#1: signal 29 (SIGIO) received
2023/07/20 13:18:40 [notice] 1#1: signal 17 (SIGCHLD) received from 34
2023/07/20 13:18:40 [notice] 1#1: worker process 34 exited with code 0
2023/07/20 13:18:40 [notice] 1#1: signal 17 (SIGCHLD) received from 22
2023/07/20 13:18:40 [notice] 1#1: worker process 22 exited with code 0
2023/07/20 13:18:40 [notice] 1#1: exit
2023/07/20 13:18:50 [notice] 1#1: using the "epoll" event method
2023/07/20 13:18:50 [notice] 1#1: nginx/1.23.4
2023/07/20 13:18:50 [notice] 1#1: built by gcc 10.2.1 20210110 (Debian 10.2.1-6) 
2023/07/20 13:18:50 [notice] 1#1: OS: Linux 5.15.90.1-microsoft-standard-WSL2
2023/07/20 13:18:50 [notice] 1#1: getrlimit(RLIMIT_NOFILE): 1048576:1048576
2023/07/20 13:18:50 [notice] 1#1: start worker processes
2023/07/20 13:18:50 [notice] 1#1: start worker process 20
2023/07/20 13:18:50 [notice] 1#1: start worker process 21
2023/07/20 13:18:50 [notice] 1#1: start worker process 22
2023/07/20 13:18:50 [notice] 1#1: start worker process 23
2023/07/20 13:18:50 [notice] 1#1: start worker process 24
2023/07/20 13:18:50 [notice] 1#1: start worker process 25
2023/07/20 13:18:50 [notice] 1#1: start worker process 26
2023/07/20 13:18:50 [notice] 1#1: start worker process 27
2023/07/20 13:18:50 [notice] 1#1: start worker process 28
2023/07/20 13:18:50 [notice] 1#1: start worker process 29
2023/07/20 13:18:50 [notice] 1#1: start worker process 30
2023/07/20 13:18:50 [notice] 1#1: start worker process 31
2023/07/20 13:18:50 [notice] 1#1: start worker process 32
2023/07/20 13:18:50 [notice] 1#1: start worker process 33
2023/07/20 13:18:50 [notice] 1#1: start worker process 34
2023/07/20 13:18:50 [notice] 1#1: start worker process 35
2023/07/20 13:32:49 [notice] 1#1: signal 3 (SIGQUIT) received, shutting down
2023/07/20 13:32:49 [notice] 21#21: gracefully shutting down
2023/07/20 13:32:49 [notice] 20#20: gracefully shutting down
2023/07/20 13:32:49 [notice] 24#24: gracefully shutting down
2023/07/20 13:32:49 [notice] 23#23: gracefully shutting down
2023/07/20 13:32:49 [notice] 25#25: gracefully shutting down
2023/07/20 13:32:49 [notice] 21#21: exiting
2023/07/20 13:32:49 [notice] 27#27: gracefully shutting down
2023/07/20 13:32:49 [notice] 26#26: gracefully shutting down
2023/07/20 13:32:49 [notice] 29#29: gracefully shutting down
2023/07/20 13:32:49 [notice] 22#22: gracefully shutting down
2023/07/20 13:32:49 [notice] 24#24: exiting
2023/07/20 13:32:49 [notice] 31#31: gracefully shutting down
2023/07/20 13:32:49 [notice] 25#25: exiting
2023/07/20 13:32:49 [notice] 20#20: exiting
2023/07/20 13:32:49 [notice] 31#31: exiting
2023/07/20 13:32:49 [notice] 27#27: exiting
2023/07/20 13:32:49 [notice] 29#29: exiting
2023/07/20 13:32:49 [notice] 23#23: exiting
2023/07/20 13:32:49 [notice] 21#21: exit
2023/07/20 13:32:49 [notice] 24#24: exit
2023/07/20 13:32:49 [notice] 30#30: gracefully shutting down
2023/07/20 13:32:49 [notice] 31#31: exit
2023/07/20 13:32:49 [notice] 20#20: exit
2023/07/20 13:32:49 [notice] 27#27: exit
2023/07/20 13:32:49 [notice] 25#25: exit
2023/07/20 13:32:49 [notice] 26#26: exiting
2023/07/20 13:32:49 [notice] 23#23: exit
2023/07/20 13:32:49 [notice] 22#22: exiting
2023/07/20 13:32:49 [notice] 29#29: exit
2023/07/20 13:32:49 [notice] 26#26: exit
2023/07/20 13:32:49 [notice] 22#22: exit
2023/07/20 13:32:49 [notice] 30#30: exiting
2023/07/20 13:32:49 [notice] 30#30: exit
2023/07/20 13:32:49 [notice] 28#28: gracefully shutting down
2023/07/20 13:32:49 [notice] 34#34: gracefully shutting down
2023/07/20 13:32:49 [notice] 32#32: gracefully shutting down
2023/07/20 13:32:49 [notice] 35#35: gracefully shutting down
2023/07/20 13:32:49 [notice] 28#28: exiting
2023/07/20 13:32:49 [notice] 34#34: exiting
2023/07/20 13:32:49 [notice] 32#32: exiting
2023/07/20 13:32:49 [notice] 28#28: exit
2023/07/20 13:32:49 [notice] 34#34: exit
2023/07/20 13:32:49 [notice] 35#35: exiting
2023/07/20 13:32:49 [notice] 32#32: exit
2023/07/20 13:32:49 [notice] 35#35: exit
2023/07/20 13:32:49 [notice] 33#33: gracefully shutting down
2023/07/20 13:32:49 [notice] 33#33: exiting
2023/07/20 13:32:49 [notice] 33#33: exit
2023/07/20 13:32:49 [notice] 1#1: signal 17 (SIGCHLD) received from 30
2023/07/20 13:32:49 [notice] 1#1: worker process 20 exited with code 0
2023/07/20 13:32:49 [notice] 1#1: worker process 21 exited with code 0
2023/07/20 13:32:49 [notice] 1#1: worker process 25 exited with code 0
2023/07/20 13:32:49 [notice] 1#1: worker process 27 exited with code 0
2023/07/20 13:32:49 [notice] 1#1: worker process 28 exited with code 0
2023/07/20 13:32:49 [notice] 1#1: worker process 30 exited with code 0
2023/07/20 13:32:49 [notice] 1#1: signal 29 (SIGIO) received
2023/07/20 13:32:49 [notice] 1#1: signal 17 (SIGCHLD) received from 20
2023/07/20 13:32:49 [notice] 1#1: signal 17 (SIGCHLD) received from 23
2023/07/20 13:32:49 [notice] 1#1: worker process 23 exited with code 0
2023/07/20 13:32:49 [notice] 1#1: worker process 24 exited with code 0
2023/07/20 13:32:49 [notice] 1#1: worker process 35 exited with code 0
2023/07/20 13:32:49 [notice] 1#1: signal 29 (SIGIO) received
2023/07/20 13:32:49 [notice] 1#1: signal 17 (SIGCHLD) received from 35
2023/07/20 13:32:49 [notice] 1#1: signal 17 (SIGCHLD) received from 22
2023/07/20 13:32:49 [notice] 1#1: worker process 22 exited with code 0
2023/07/20 13:32:49 [notice] 1#1: worker process 32 exited with code 0
2023/07/20 13:32:49 [notice] 1#1: worker process 34 exited with code 0
2023/07/20 13:32:49 [notice] 1#1: signal 29 (SIGIO) received
2023/07/20 13:32:49 [notice] 1#1: signal 17 (SIGCHLD) received from 34
2023/07/20 13:32:49 [notice] 1#1: signal 17 (SIGCHLD) received from 31
2023/07/20 13:32:49 [notice] 1#1: worker process 31 exited with code 0
2023/07/20 13:32:49 [notice] 1#1: signal 29 (SIGIO) received
2023/07/20 13:32:49 [notice] 1#1: signal 17 (SIGCHLD) received from 33
2023/07/20 13:32:49 [notice] 1#1: worker process 33 exited with code 0
2023/07/20 13:32:49 [notice] 1#1: signal 29 (SIGIO) received
2023/07/20 13:32:49 [notice] 1#1: signal 17 (SIGCHLD) received from 26
2023/07/20 13:32:49 [notice] 1#1: worker process 26 exited with code 0
2023/07/20 13:32:49 [notice] 1#1: worker process 29 exited with code 0
2023/07/20 13:32:49 [notice] 1#1: exit
2023/07/20 13:33:21 [notice] 1#1: using the "epoll" event method
2023/07/20 13:33:21 [notice] 1#1: nginx/1.23.4
2023/07/20 13:33:21 [notice] 1#1: built by gcc 10.2.1 20210110 (Debian 10.2.1-6) 
2023/07/20 13:33:21 [notice] 1#1: OS: Linux 5.15.90.1-microsoft-standard-WSL2
2023/07/20 13:33:21 [notice] 1#1: getrlimit(RLIMIT_NOFILE): 1048576:1048576
2023/07/20 13:33:21 [notice] 1#1: start worker processes
2023/07/20 13:33:21 [notice] 1#1: start worker process 20
2023/07/20 13:33:21 [notice] 1#1: start worker process 21
2023/07/20 13:33:21 [notice] 1#1: start worker process 22
2023/07/20 13:33:21 [notice] 1#1: start worker process 23
2023/07/20 13:33:21 [notice] 1#1: start worker process 24
2023/07/20 13:33:21 [notice] 1#1: start worker process 25
2023/07/20 13:33:21 [notice] 1#1: start worker process 26
2023/07/20 13:33:21 [notice] 1#1: start worker process 27
2023/07/20 13:33:21 [notice] 1#1: start worker process 28
2023/07/20 13:33:21 [notice] 1#1: start worker process 29
2023/07/20 13:33:21 [notice] 1#1: start worker process 30
2023/07/20 13:33:21 [notice] 1#1: start worker process 31
2023/07/20 13:33:21 [notice] 1#1: start worker process 32
2023/07/20 13:33:21 [notice] 1#1: start worker process 33
2023/07/20 13:33:21 [notice] 1#1: start worker process 34
2023/07/20 13:33:21 [notice] 1#1: start worker process 35
2023/07/20 13:34:31 [notice] 1#1: signal 3 (SIGQUIT) received, shutting down
2023/07/20 13:34:31 [notice] 20#20: gracefully shutting down
2023/07/20 13:34:31 [notice] 21#21: gracefully shutting down
2023/07/20 13:34:31 [notice] 22#22: gracefully shutting down
2023/07/20 13:34:31 [notice] 21#21: exiting
2023/07/20 13:34:31 [notice] 24#24: gracefully shutting down
2023/07/20 13:34:31 [notice] 22#22: exiting
2023/07/20 13:34:31 [notice] 20#20: exiting
2023/07/20 13:34:31 [notice] 25#25: gracefully shutting down
2023/07/20 13:34:31 [notice] 24#24: exiting
2023/07/20 13:34:31 [notice] 25#25: exiting
2023/07/20 13:34:31 [notice] 26#26: gracefully shutting down
2023/07/20 13:34:31 [notice] 28#28: gracefully shutting down
2023/07/20 13:34:31 [notice] 23#23: gracefully shutting down
2023/07/20 13:34:31 [notice] 25#25: exit
2023/07/20 13:34:31 [notice] 31#31: gracefully shutting down
2023/07/20 13:34:31 [notice] 20#20: exit
2023/07/20 13:34:31 [notice] 32#32: gracefully shutting down
2023/07/20 13:34:31 [notice] 21#21: exit
2023/07/20 13:34:31 [notice] 22#22: exit
2023/07/20 13:34:31 [notice] 28#28: exiting
2023/07/20 13:34:31 [notice] 23#23: exiting
2023/07/20 13:34:31 [notice] 30#30: gracefully shutting down
2023/07/20 13:34:31 [notice] 24#24: exit
2023/07/20 13:34:31 [notice] 31#31: exiting
2023/07/20 13:34:31 [notice] 34#34: gracefully shutting down
2023/07/20 13:34:31 [notice] 30#30: exiting
2023/07/20 13:34:31 [notice] 28#28: exit
2023/07/20 13:34:31 [notice] 23#23: exit
2023/07/20 13:34:31 [notice] 31#31: exit
2023/07/20 13:34:31 [notice] 32#32: exiting
2023/07/20 13:34:31 [notice] 34#34: exiting
2023/07/20 13:34:31 [notice] 30#30: exit
2023/07/20 13:34:31 [notice] 32#32: exit
2023/07/20 13:34:31 [notice] 34#34: exit
2023/07/20 13:34:31 [notice] 26#26: exiting
2023/07/20 13:34:31 [notice] 26#26: exit
2023/07/20 13:34:31 [notice] 29#29: gracefully shutting down
2023/07/20 13:34:31 [notice] 27#27: gracefully shutting down
2023/07/20 13:34:31 [notice] 33#33: gracefully shutting down
2023/07/20 13:34:31 [notice] 29#29: exiting
2023/07/20 13:34:31 [notice] 27#27: exiting
2023/07/20 13:34:31 [notice] 33#33: exiting
2023/07/20 13:34:31 [notice] 29#29: exit
2023/07/20 13:34:31 [notice] 27#27: exit
2023/07/20 13:34:31 [notice] 35#35: gracefully shutting down
2023/07/20 13:34:31 [notice] 35#35: exiting
2023/07/20 13:34:31 [notice] 33#33: exit
2023/07/20 13:34:31 [notice] 35#35: exit
2023/07/20 13:34:31 [notice] 1#1: signal 17 (SIGCHLD) received from 31
2023/07/20 13:34:31 [notice] 1#1: worker process 20 exited with code 0
2023/07/20 13:34:31 [notice] 1#1: worker process 31 exited with code 0
2023/07/20 13:34:31 [notice] 1#1: signal 29 (SIGIO) received
2023/07/20 13:34:31 [notice] 1#1: signal 17 (SIGCHLD) received from 20
2023/07/20 13:34:31 [notice] 1#1: signal 17 (SIGCHLD) received from 30
2023/07/20 13:34:31 [notice] 1#1: worker process 30 exited with code 0
2023/07/20 13:34:31 [notice] 1#1: worker process 35 exited with code 0
2023/07/20 13:34:31 [notice] 1#1: signal 29 (SIGIO) received
2023/07/20 13:34:31 [notice] 1#1: signal 17 (SIGCHLD) received from 35
2023/07/20 13:34:31 [notice] 1#1: signal 17 (SIGCHLD) received from 26
2023/07/20 13:34:31 [notice] 1#1: worker process 24 exited with code 0
2023/07/20 13:34:31 [notice] 1#1: worker process 26 exited with code 0
2023/07/20 13:34:31 [notice] 1#1: signal 29 (SIGIO) received
2023/07/20 13:34:31 [notice] 1#1: signal 17 (SIGCHLD) received from 24
2023/07/20 13:34:31 [notice] 1#1: signal 17 (SIGCHLD) received from 32
2023/07/20 13:34:31 [notice] 1#1: worker process 25 exited with code 0
2023/07/20 13:34:31 [notice] 1#1: worker process 28 exited with code 0
2023/07/20 13:34:31 [notice] 1#1: worker process 23 exited with code 0
2023/07/20 13:34:31 [notice] 1#1: worker process 29 exited with code 0
2023/07/20 13:34:31 [notice] 1#1: worker process 32 exited with code 0
2023/07/20 13:34:31 [notice] 1#1: signal 29 (SIGIO) received
2023/07/20 13:34:31 [notice] 1#1: signal 17 (SIGCHLD) received from 25
2023/07/20 13:34:31 [notice] 1#1: signal 17 (SIGCHLD) received from 27
2023/07/20 13:34:31 [notice] 1#1: worker process 21 exited with code 0
2023/07/20 13:34:31 [notice] 1#1: worker process 27 exited with code 0
2023/07/20 13:34:31 [notice] 1#1: signal 29 (SIGIO) received
2023/07/20 13:34:31 [notice] 1#1: signal 17 (SIGCHLD) received from 22
2023/07/20 13:34:31 [notice] 1#1: worker process 22 exited with code 0
2023/07/20 13:34:31 [notice] 1#1: worker process 33 exited with code 0
2023/07/20 13:34:31 [notice] 1#1: signal 29 (SIGIO) received
2023/07/20 13:34:31 [notice] 1#1: signal 17 (SIGCHLD) received from 34
2023/07/20 13:34:31 [notice] 1#1: worker process 34 exited with code 0
2023/07/20 13:34:31 [notice] 1#1: exit
2023/07/20 13:35:50 [notice] 1#1: using the "epoll" event method
2023/07/20 13:35:50 [notice] 1#1: nginx/1.23.4
2023/07/20 13:35:50 [notice] 1#1: built by gcc 10.2.1 20210110 (Debian 10.2.1-6) 
2023/07/20 13:35:50 [notice] 1#1: OS: Linux 5.15.90.1-microsoft-standard-WSL2
2023/07/20 13:35:50 [notice] 1#1: getrlimit(RLIMIT_NOFILE): 1048576:1048576
2023/07/20 13:35:50 [notice] 1#1: start worker processes
2023/07/20 13:35:50 [notice] 1#1: start worker process 20
2023/07/20 13:35:50 [notice] 1#1: start worker process 21
2023/07/20 13:35:50 [notice] 1#1: start worker process 22
2023/07/20 13:35:50 [notice] 1#1: start worker process 23
2023/07/20 13:35:50 [notice] 1#1: start worker process 24
2023/07/20 13:35:50 [notice] 1#1: start worker process 25
2023/07/20 13:35:50 [notice] 1#1: start worker process 26
2023/07/20 13:35:50 [notice] 1#1: start worker process 27
2023/07/20 13:35:50 [notice] 1#1: start worker process 28
2023/07/20 13:35:50 [notice] 1#1: start worker process 29
2023/07/20 13:35:50 [notice] 1#1: start worker process 30
2023/07/20 13:35:50 [notice] 1#1: start worker process 31
2023/07/20 13:35:50 [notice] 1#1: start worker process 32
2023/07/20 13:35:50 [notice] 1#1: start worker process 33
2023/07/20 13:35:50 [notice] 1#1: start worker process 34
2023/07/20 13:35:50 [notice] 1#1: start worker process 35
2023/07/20 13:45:46 [notice] 1#1: signal 3 (SIGQUIT) received, shutting down
2023/07/20 13:45:46 [notice] 21#21: gracefully shutting down
2023/07/20 13:45:46 [notice] 23#23: gracefully shutting down
2023/07/20 13:45:46 [notice] 20#20: gracefully shutting down
2023/07/20 13:45:46 [notice] 24#24: gracefully shutting down
2023/07/20 13:45:46 [notice] 27#27: gracefully shutting down
2023/07/20 13:45:46 [notice] 22#22: gracefully shutting down
2023/07/20 13:45:46 [notice] 21#21: exiting
2023/07/20 13:45:46 [notice] 26#26: gracefully shutting down
2023/07/20 13:45:46 [notice] 25#25: gracefully shutting down
2023/07/20 13:45:46 [notice] 34#34: gracefully shutting down
2023/07/20 13:45:46 [notice] 23#23: exiting
2023/07/20 13:45:46 [notice] 20#20: exiting
2023/07/20 13:45:46 [notice] 26#26: exiting
2023/07/20 13:45:46 [notice] 31#31: gracefully shutting down
2023/07/20 13:45:46 [notice] 28#28: gracefully shutting down
2023/07/20 13:45:46 [notice] 27#27: exiting
2023/07/20 13:45:46 [notice] 33#33: gracefully shutting down
2023/07/20 13:45:46 [notice] 31#31: exiting
2023/07/20 13:45:46 [notice] 28#28: exiting
2023/07/20 13:45:46 [notice] 33#33: exiting
2023/07/20 13:45:46 [notice] 25#25: exiting
2023/07/20 13:45:46 [notice] 23#23: exit
2023/07/20 13:45:46 [notice] 21#21: exit
2023/07/20 13:45:46 [notice] 27#27: exit
2023/07/20 13:45:46 [notice] 26#26: exit
2023/07/20 13:45:46 [notice] 33#33: exit
2023/07/20 13:45:46 [notice] 22#22: exiting
2023/07/20 13:45:46 [notice] 31#31: exit
2023/07/20 13:45:46 [notice] 28#28: exit
2023/07/20 13:45:46 [notice] 25#25: exit
2023/07/20 13:45:46 [notice] 20#20: exit
2023/07/20 13:45:46 [notice] 22#22: exit
2023/07/20 13:45:46 [notice] 34#34: exiting
2023/07/20 13:45:46 [notice] 34#34: exit
2023/07/20 13:45:46 [notice] 29#29: gracefully shutting down
2023/07/20 13:45:46 [notice] 30#30: gracefully shutting down
2023/07/20 13:45:46 [notice] 29#29: exiting
2023/07/20 13:45:46 [notice] 30#30: exiting
2023/07/20 13:45:46 [notice] 30#30: exit
2023/07/20 13:45:46 [notice] 32#32: gracefully shutting down
2023/07/20 13:45:46 [notice] 29#29: exit
2023/07/20 13:45:46 [notice] 32#32: exiting
2023/07/20 13:45:46 [notice] 32#32: exit
2023/07/20 13:45:46 [notice] 35#35: gracefully shutting down
2023/07/20 13:45:46 [notice] 35#35: exiting
2023/07/20 13:45:46 [notice] 35#35: exit
2023/07/20 13:45:46 [notice] 24#24: exiting
2023/07/20 13:45:46 [notice] 24#24: exit
2023/07/20 13:45:46 [notice] 1#1: signal 17 (SIGCHLD) received from 27
2023/07/20 13:45:46 [notice] 1#1: worker process 20 exited with code 0
2023/07/20 13:45:46 [notice] 1#1: worker process 24 exited with code 0
2023/07/20 13:45:46 [notice] 1#1: worker process 27 exited with code 0
2023/07/20 13:45:46 [notice] 1#1: worker process 31 exited with code 0
2023/07/20 13:45:46 [notice] 1#1: worker process 33 exited with code 0
2023/07/20 13:45:46 [notice] 1#1: worker process 34 exited with code 0
2023/07/20 13:45:46 [notice] 1#1: worker process 35 exited with code 0
2023/07/20 13:45:46 [notice] 1#1: signal 29 (SIGIO) received
2023/07/20 13:45:46 [notice] 1#1: signal 17 (SIGCHLD) received from 31
2023/07/20 13:45:46 [notice] 1#1: signal 17 (SIGCHLD) received from 28
2023/07/20 13:45:46 [notice] 1#1: worker process 28 exited with code 0
2023/07/20 13:45:46 [notice] 1#1: worker process 30 exited with code 0
2023/07/20 13:45:46 [notice] 1#1: signal 29 (SIGIO) received
2023/07/20 13:45:46 [notice] 1#1: signal 17 (SIGCHLD) received from 26
2023/07/20 13:45:46 [notice] 1#1: worker process 25 exited with code 0
2023/07/20 13:45:46 [notice] 1#1: worker process 26 exited with code 0
2023/07/20 13:45:46 [notice] 1#1: worker process 29 exited with code 0
2023/07/20 13:45:46 [notice] 1#1: worker process 32 exited with code 0
2023/07/20 13:45:46 [notice] 1#1: signal 29 (SIGIO) received
2023/07/20 13:45:46 [notice] 1#1: signal 17 (SIGCHLD) received from 29
2023/07/20 13:45:46 [notice] 1#1: signal 17 (SIGCHLD) received from 23
2023/07/20 13:45:46 [notice] 1#1: worker process 21 exited with code 0
2023/07/20 13:45:46 [notice] 1#1: worker process 23 exited with code 0
2023/07/20 13:45:46 [notice] 1#1: signal 29 (SIGIO) received
2023/07/20 13:45:46 [notice] 1#1: signal 17 (SIGCHLD) received from 22
2023/07/20 13:45:46 [notice] 1#1: worker process 22 exited with code 0
2023/07/20 13:45:46 [notice] 1#1: exit
2023/07/20 13:47:39 [notice] 1#1: using the "epoll" event method
2023/07/20 13:47:39 [notice] 1#1: nginx/1.23.4
2023/07/20 13:47:39 [notice] 1#1: built by gcc 10.2.1 20210110 (Debian 10.2.1-6) 
2023/07/20 13:47:39 [notice] 1#1: OS: Linux 5.15.90.1-microsoft-standard-WSL2
2023/07/20 13:47:39 [notice] 1#1: getrlimit(RLIMIT_NOFILE): 1048576:1048576
2023/07/20 13:47:39 [notice] 1#1: start worker processes
2023/07/20 13:47:39 [notice] 1#1: start worker process 20
2023/07/20 13:47:39 [notice] 1#1: start worker process 21
2023/07/20 13:47:39 [notice] 1#1: start worker process 22
2023/07/20 13:47:39 [notice] 1#1: start worker process 23
2023/07/20 13:47:39 [notice] 1#1: start worker process 24
2023/07/20 13:47:39 [notice] 1#1: start worker process 25
2023/07/20 13:47:39 [notice] 1#1: start worker process 26
2023/07/20 13:47:39 [notice] 1#1: start worker process 27
2023/07/20 13:47:39 [notice] 1#1: start worker process 28
2023/07/20 13:47:39 [notice] 1#1: start worker process 29
2023/07/20 13:47:39 [notice] 1#1: start worker process 30
2023/07/20 13:47:39 [notice] 1#1: start worker process 31
2023/07/20 13:47:39 [notice] 1#1: start worker process 32
2023/07/20 13:47:39 [notice] 1#1: start worker process 33
2023/07/20 13:47:39 [notice] 1#1: start worker process 34
2023/07/20 13:47:39 [notice] 1#1: start worker process 35
2023/07/20 13:48:29 [notice] 1#1: signal 3 (SIGQUIT) received, shutting down
2023/07/20 13:48:29 [notice] 20#20: gracefully shutting down
2023/07/20 13:48:29 [notice] 21#21: gracefully shutting down
2023/07/20 13:48:29 [notice] 22#22: gracefully shutting down
2023/07/20 13:48:29 [notice] 21#21: exiting
2023/07/20 13:48:29 [notice] 20#20: exiting
2023/07/20 13:48:29 [notice] 23#23: gracefully shutting down
2023/07/20 13:48:29 [notice] 22#22: exiting
2023/07/20 13:48:29 [notice] 24#24: gracefully shutting down
2023/07/20 13:48:29 [notice] 23#23: exiting
2023/07/20 13:48:29 [notice] 28#28: gracefully shutting down
2023/07/20 13:48:29 [notice] 24#24: exiting
2023/07/20 13:48:29 [notice] 21#21: exit
2023/07/20 13:48:29 [notice] 22#22: exit
2023/07/20 13:48:29 [notice] 28#28: exiting
2023/07/20 13:48:29 [notice] 27#27: gracefully shutting down
2023/07/20 13:48:29 [notice] 20#20: exit
2023/07/20 13:48:29 [notice] 23#23: exit
2023/07/20 13:48:29 [notice] 27#27: exiting
2023/07/20 13:48:29 [notice] 24#24: exit
2023/07/20 13:48:29 [notice] 26#26: gracefully shutting down
2023/07/20 13:48:29 [notice] 28#28: exit
2023/07/20 13:48:29 [notice] 32#32: gracefully shutting down
2023/07/20 13:48:29 [notice] 26#26: exiting
2023/07/20 13:48:29 [notice] 27#27: exit
2023/07/20 13:48:29 [notice] 32#32: exiting
2023/07/20 13:48:29 [notice] 29#29: gracefully shutting down
2023/07/20 13:48:29 [notice] 29#29: exiting
2023/07/20 13:48:29 [notice] 26#26: exit
2023/07/20 13:48:29 [notice] 32#32: exit
2023/07/20 13:48:29 [notice] 29#29: exit
2023/07/20 13:48:29 [notice] 25#25: gracefully shutting down
2023/07/20 13:48:29 [notice] 31#31: gracefully shutting down
2023/07/20 13:48:29 [notice] 25#25: exiting
2023/07/20 13:48:29 [notice] 31#31: exiting
2023/07/20 13:48:29 [notice] 30#30: gracefully shutting down
2023/07/20 13:48:29 [notice] 30#30: exiting
2023/07/20 13:48:29 [notice] 31#31: exit
2023/07/20 13:48:29 [notice] 25#25: exit
2023/07/20 13:48:29 [notice] 30#30: exit
2023/07/20 13:48:29 [notice] 34#34: gracefully shutting down
2023/07/20 13:48:29 [notice] 34#34: exiting
2023/07/20 13:48:29 [notice] 35#35: gracefully shutting down
2023/07/20 13:48:29 [notice] 34#34: exit
2023/07/20 13:48:29 [notice] 35#35: exiting
2023/07/20 13:48:29 [notice] 35#35: exit
2023/07/20 13:48:29 [notice] 33#33: gracefully shutting down
2023/07/20 13:48:29 [notice] 33#33: exiting
2023/07/20 13:48:29 [notice] 33#33: exit
2023/07/20 13:48:29 [notice] 1#1: signal 17 (SIGCHLD) received from 23
2023/07/20 13:48:29 [notice] 1#1: worker process 22 exited with code 0
2023/07/20 13:48:29 [notice] 1#1: worker process 21 exited with code 0
2023/07/20 13:48:29 [notice] 1#1: worker process 23 exited with code 0
2023/07/20 13:48:29 [notice] 1#1: worker process 26 exited with code 0
2023/07/20 13:48:29 [notice] 1#1: worker process 31 exited with code 0
2023/07/20 13:48:29 [notice] 1#1: signal 29 (SIGIO) received
2023/07/20 13:48:29 [notice] 1#1: signal 17 (SIGCHLD) received from 26
2023/07/20 13:48:29 [notice] 1#1: signal 17 (SIGCHLD) received from 24
2023/07/20 13:48:29 [notice] 1#1: worker process 24 exited with code 0
2023/07/20 13:48:29 [notice] 1#1: signal 29 (SIGIO) received
2023/07/20 13:48:29 [notice] 1#1: signal 17 (SIGCHLD) received from 28
2023/07/20 13:48:29 [notice] 1#1: worker process 27 exited with code 0
2023/07/20 13:48:29 [notice] 1#1: worker process 28 exited with code 0
2023/07/20 13:48:29 [notice] 1#1: worker process 29 exited with code 0
2023/07/20 13:48:29 [notice] 1#1: worker process 30 exited with code 0
2023/07/20 13:48:29 [notice] 1#1: worker process 35 exited with code 0
2023/07/20 13:48:29 [notice] 1#1: signal 29 (SIGIO) received
2023/07/20 13:48:29 [notice] 1#1: signal 17 (SIGCHLD) received from 29
2023/07/20 13:48:29 [notice] 1#1: signal 17 (SIGCHLD) received from 25
2023/07/20 13:48:29 [notice] 1#1: worker process 25 exited with code 0
2023/07/20 13:48:29 [notice] 1#1: worker process 33 exited with code 0
2023/07/20 13:48:29 [notice] 1#1: signal 29 (SIGIO) received
2023/07/20 13:48:29 [notice] 1#1: signal 17 (SIGCHLD) received from 33
2023/07/20 13:48:29 [notice] 1#1: signal 17 (SIGCHLD) received from 34
2023/07/20 13:48:29 [notice] 1#1: worker process 34 exited with code 0
2023/07/20 13:48:29 [notice] 1#1: signal 29 (SIGIO) received
2023/07/20 13:48:29 [notice] 1#1: signal 17 (SIGCHLD) received from 32
2023/07/20 13:48:29 [notice] 1#1: worker process 20 exited with code 0
2023/07/20 13:48:29 [notice] 1#1: worker process 32 exited with code 0
2023/07/20 13:48:29 [notice] 1#1: exit
2023/07/20 13:48:52 [notice] 1#1: using the "epoll" event method
2023/07/20 13:48:52 [notice] 1#1: nginx/1.23.4
2023/07/20 13:48:52 [notice] 1#1: built by gcc 10.2.1 20210110 (Debian 10.2.1-6) 
2023/07/20 13:48:52 [notice] 1#1: OS: Linux 5.15.90.1-microsoft-standard-WSL2
2023/07/20 13:48:52 [notice] 1#1: getrlimit(RLIMIT_NOFILE): 1048576:1048576
2023/07/20 13:48:52 [notice] 1#1: start worker processes
2023/07/20 13:48:52 [notice] 1#1: start worker process 20
2023/07/20 13:48:52 [notice] 1#1: start worker process 21
2023/07/20 13:48:52 [notice] 1#1: start worker process 22
2023/07/20 13:48:52 [notice] 1#1: start worker process 23
2023/07/20 13:48:52 [notice] 1#1: start worker process 24
2023/07/20 13:48:52 [notice] 1#1: start worker process 25
2023/07/20 13:48:52 [notice] 1#1: start worker process 26
2023/07/20 13:48:52 [notice] 1#1: start worker process 27
2023/07/20 13:48:52 [notice] 1#1: start worker process 28
2023/07/20 13:48:52 [notice] 1#1: start worker process 29
2023/07/20 13:48:52 [notice] 1#1: start worker process 30
2023/07/20 13:48:52 [notice] 1#1: start worker process 31
2023/07/20 13:48:52 [notice] 1#1: start worker process 32
2023/07/20 13:48:52 [notice] 1#1: start worker process 33
2023/07/20 13:48:52 [notice] 1#1: start worker process 34
2023/07/20 13:48:52 [notice] 1#1: start worker process 35
2023/07/20 13:49:34 [notice] 1#1: signal 3 (SIGQUIT) received, shutting down
2023/07/20 13:49:34 [notice] 20#20: gracefully shutting down
2023/07/20 13:49:34 [notice] 20#20: exiting
2023/07/20 13:49:34 [notice] 22#22: gracefully shutting down
2023/07/20 13:49:34 [notice] 24#24: gracefully shutting down
2023/07/20 13:49:34 [notice] 22#22: exiting
2023/07/20 13:49:34 [notice] 25#25: gracefully shutting down
2023/07/20 13:49:34 [notice] 24#24: exiting
2023/07/20 13:49:34 [notice] 20#20: exit
2023/07/20 13:49:34 [notice] 26#26: gracefully shutting down
2023/07/20 13:49:34 [notice] 25#25: exiting
2023/07/20 13:49:34 [notice] 22#22: exit
2023/07/20 13:49:34 [notice] 26#26: exiting
2023/07/20 13:49:34 [notice] 27#27: gracefully shutting down
2023/07/20 13:49:34 [notice] 24#24: exit
2023/07/20 13:49:34 [notice] 28#28: gracefully shutting down
2023/07/20 13:49:34 [notice] 29#29: gracefully shutting down
2023/07/20 13:49:34 [notice] 25#25: exit
2023/07/20 13:49:34 [notice] 30#30: gracefully shutting down
2023/07/20 13:49:34 [notice] 27#27: exiting
2023/07/20 13:49:34 [notice] 26#26: exit
2023/07/20 13:49:34 [notice] 28#28: exiting
2023/07/20 13:49:34 [notice] 29#29: exiting
2023/07/20 13:49:34 [notice] 34#34: gracefully shutting down
2023/07/20 13:49:34 [notice] 32#32: gracefully shutting down
2023/07/20 13:49:34 [notice] 30#30: exiting
2023/07/20 13:49:34 [notice] 27#27: exit
2023/07/20 13:49:34 [notice] 28#28: exit
2023/07/20 13:49:34 [notice] 29#29: exit
2023/07/20 13:49:34 [notice] 34#34: exiting
2023/07/20 13:49:34 [notice] 32#32: exiting
2023/07/20 13:49:34 [notice] 30#30: exit
2023/07/20 13:49:34 [notice] 34#34: exit
2023/07/20 13:49:34 [notice] 32#32: exit
2023/07/20 13:49:34 [notice] 21#21: gracefully shutting down
2023/07/20 13:49:34 [notice] 21#21: exiting
2023/07/20 13:49:34 [notice] 31#31: gracefully shutting down
2023/07/20 13:49:34 [notice] 21#21: exit
2023/07/20 13:49:34 [notice] 35#35: gracefully shutting down
2023/07/20 13:49:34 [notice] 31#31: exiting
2023/07/20 13:49:34 [notice] 35#35: exiting
2023/07/20 13:49:34 [notice] 23#23: gracefully shutting down
2023/07/20 13:49:34 [notice] 31#31: exit
2023/07/20 13:49:34 [notice] 23#23: exiting
2023/07/20 13:49:34 [notice] 35#35: exit
2023/07/20 13:49:34 [notice] 23#23: exit
2023/07/20 13:49:34 [notice] 33#33: gracefully shutting down
2023/07/20 13:49:34 [notice] 33#33: exiting
2023/07/20 13:49:34 [notice] 33#33: exit
2023/07/20 13:49:34 [notice] 1#1: signal 17 (SIGCHLD) received from 33
2023/07/20 13:49:34 [notice] 1#1: worker process 21 exited with code 0
2023/07/20 13:49:34 [notice] 1#1: worker process 22 exited with code 0
2023/07/20 13:49:34 [notice] 1#1: worker process 33 exited with code 0
2023/07/20 13:49:34 [notice] 1#1: signal 29 (SIGIO) received
2023/07/20 13:49:34 [notice] 1#1: signal 17 (SIGCHLD) received from 21
2023/07/20 13:49:34 [notice] 1#1: signal 17 (SIGCHLD) received from 20
2023/07/20 13:49:34 [notice] 1#1: worker process 20 exited with code 0
2023/07/20 13:49:34 [notice] 1#1: worker process 28 exited with code 0
2023/07/20 13:49:34 [notice] 1#1: worker process 31 exited with code 0
2023/07/20 13:49:34 [notice] 1#1: worker process 35 exited with code 0
2023/07/20 13:49:34 [notice] 1#1: signal 29 (SIGIO) received
2023/07/20 13:49:34 [notice] 1#1: signal 17 (SIGCHLD) received from 35
2023/07/20 13:49:34 [notice] 1#1: worker process 29 exited with code 0
2023/07/20 13:49:34 [notice] 1#1: worker process 34 exited with code 0
2023/07/20 13:49:34 [notice] 1#1: signal 29 (SIGIO) received
2023/07/20 13:49:34 [notice] 1#1: signal 17 (SIGCHLD) received from 27
2023/07/20 13:49:34 [notice] 1#1: worker process 25 exited with code 0
2023/07/20 13:49:34 [notice] 1#1: worker process 27 exited with code 0
2023/07/20 13:49:34 [notice] 1#1: signal 29 (SIGIO) received
2023/07/20 13:49:34 [notice] 1#1: signal 17 (SIGCHLD) received from 26
2023/07/20 13:49:34 [notice] 1#1: worker process 24 exited with code 0
2023/07/20 13:49:34 [notice] 1#1: worker process 26 exited with code 0
2023/07/20 13:49:34 [notice] 1#1: signal 29 (SIGIO) received
2023/07/20 13:49:34 [notice] 1#1: signal 17 (SIGCHLD) received from 24
2023/07/20 13:49:34 [notice] 1#1: worker process 23 exited with code 0
2023/07/20 13:49:34 [notice] 1#1: worker process 32 exited with code 0
2023/07/20 13:49:34 [notice] 1#1: signal 29 (SIGIO) received
2023/07/20 13:49:34 [notice] 1#1: signal 17 (SIGCHLD) received from 30
2023/07/20 13:49:34 [notice] 1#1: worker process 30 exited with code 0
2023/07/20 13:49:34 [notice] 1#1: exit
2023/07/20 13:53:10 [emerg] 1#1: host not found in upstream "php" in /etc/nginx/conf.d/defalut.conf:11
2023/07/20 13:53:21 [notice] 1#1: using the "epoll" event method
2023/07/20 13:53:21 [notice] 1#1: nginx/1.23.4
2023/07/20 13:53:21 [notice] 1#1: built by gcc 10.2.1 20210110 (Debian 10.2.1-6) 
2023/07/20 13:53:21 [notice] 1#1: OS: Linux 5.15.90.1-microsoft-standard-WSL2
2023/07/20 13:53:21 [notice] 1#1: getrlimit(RLIMIT_NOFILE): 1048576:1048576
2023/07/20 13:53:21 [notice] 1#1: start worker processes
2023/07/20 13:53:21 [notice] 1#1: start worker process 20
2023/07/20 13:53:21 [notice] 1#1: start worker process 21
2023/07/20 13:53:21 [notice] 1#1: start worker process 22
2023/07/20 13:53:21 [notice] 1#1: start worker process 23
2023/07/20 13:53:21 [notice] 1#1: start worker process 24
2023/07/20 13:53:21 [notice] 1#1: start worker process 25
2023/07/20 13:53:21 [notice] 1#1: start worker process 26
2023/07/20 13:53:21 [notice] 1#1: start worker process 27
2023/07/20 13:53:21 [notice] 1#1: start worker process 28
2023/07/20 13:53:21 [notice] 1#1: start worker process 29
2023/07/20 13:53:21 [notice] 1#1: start worker process 30
2023/07/20 13:53:21 [notice] 1#1: start worker process 31
2023/07/20 13:53:21 [notice] 1#1: start worker process 32
2023/07/20 13:53:21 [notice] 1#1: start worker process 33
2023/07/20 13:53:21 [notice] 1#1: start worker process 34
2023/07/20 13:53:21 [notice] 1#1: start worker process 35
2023/07/20 13:54:59 [error] 20#20: *1 "/home/ucc/app/public/index.html" is not found (2: No such file or directory), client: 172.24.0.1, server: localhost, request: "GET / HTTP/1.1", host: "localhost"
2023/07/20 13:55:01 [error] 20#20: *1 "/home/ucc/app/public/index.html" is not found (2: No such file or directory), client: 172.24.0.1, server: localhost, request: "GET / HTTP/1.1", host: "localhost"
2023/07/20 13:55:01 [error] 20#20: *1 "/home/ucc/app/public/index.html" is not found (2: No such file or directory), client: 172.24.0.1, server: localhost, request: "GET / HTTP/1.1", host: "localhost"
2023/07/20 13:55:02 [error] 20#20: *1 "/home/ucc/app/public/index.html" is not found (2: No such file or directory), client: 172.24.0.1, server: localhost, request: "GET / HTTP/1.1", host: "localhost"
2023/07/20 13:55:02 [info] 20#20: *1 client 172.24.0.1 closed keepalive connection
2023/07/20 13:55:02 [error] 21#21: *2 "/home/ucc/app/public/index.html" is not found (2: No such file or directory), client: 172.24.0.1, server: localhost, request: "GET / HTTP/1.1", host: "localhost"
2023/07/20 13:55:12 [info] 21#21: *2 client 172.24.0.1 closed keepalive connection
2023/07/20 13:55:14 [notice] 1#1: signal 3 (SIGQUIT) received, shutting down
2023/07/20 13:55:14 [notice] 21#21: gracefully shutting down
2023/07/20 13:55:14 [notice] 20#20: gracefully shutting down
2023/07/20 13:55:14 [notice] 22#22: gracefully shutting down
2023/07/20 13:55:14 [notice] 23#23: gracefully shutting down
2023/07/20 13:55:14 [notice] 24#24: gracefully shutting down
2023/07/20 13:55:14 [notice] 22#22: exiting
2023/07/20 13:55:14 [notice] 31#31: gracefully shutting down
2023/07/20 13:55:14 [notice] 35#35: gracefully shutting down
2023/07/20 13:55:14 [notice] 27#27: gracefully shutting down
2023/07/20 13:55:14 [notice] 28#28: gracefully shutting down
2023/07/20 13:55:14 [notice] 33#33: gracefully shutting down
2023/07/20 13:55:14 [notice] 20#20: exiting
2023/07/20 13:55:14 [notice] 35#35: exiting
2023/07/20 13:55:14 [notice] 34#34: gracefully shutting down
2023/07/20 13:55:14 [notice] 31#31: exiting
2023/07/20 13:55:14 [notice] 28#28: exiting
2023/07/20 13:55:14 [notice] 30#30: gracefully shutting down
2023/07/20 13:55:14 [notice] 33#33: exiting
2023/07/20 13:55:14 [notice] 22#22: exit
2023/07/20 13:55:14 [notice] 27#27: exiting
2023/07/20 13:55:14 [notice] 35#35: exit
2023/07/20 13:55:14 [notice] 21#21: exiting
2023/07/20 13:55:14 [notice] 20#20: exit
2023/07/20 13:55:14 [notice] 31#31: exit
2023/07/20 13:55:14 [notice] 28#28: exit
2023/07/20 13:55:14 [notice] 34#34: exiting
2023/07/20 13:55:14 [notice] 24#24: exiting
2023/07/20 13:55:14 [notice] 27#27: exit
2023/07/20 13:55:14 [notice] 33#33: exit
2023/07/20 13:55:14 [notice] 21#21: exit
2023/07/20 13:55:14 [notice] 30#30: exiting
2023/07/20 13:55:14 [notice] 24#24: exit
2023/07/20 13:55:14 [notice] 34#34: exit
2023/07/20 13:55:14 [notice] 30#30: exit
2023/07/20 13:55:14 [notice] 29#29: gracefully shutting down
2023/07/20 13:55:14 [notice] 25#25: gracefully shutting down
2023/07/20 13:55:14 [notice] 23#23: exiting
2023/07/20 13:55:14 [notice] 26#26: gracefully shutting down
2023/07/20 13:55:14 [notice] 32#32: gracefully shutting down
2023/07/20 13:55:14 [notice] 29#29: exiting
2023/07/20 13:55:14 [notice] 25#25: exiting
2023/07/20 13:55:14 [notice] 23#23: exit
2023/07/20 13:55:14 [notice] 32#32: exiting
2023/07/20 13:55:14 [notice] 29#29: exit
2023/07/20 13:55:14 [notice] 26#26: exiting
2023/07/20 13:55:14 [notice] 32#32: exit
2023/07/20 13:55:14 [notice] 25#25: exit
2023/07/20 13:55:14 [notice] 26#26: exit
2023/07/20 13:55:14 [notice] 1#1: signal 17 (SIGCHLD) received from 28
2023/07/20 13:55:14 [notice] 1#1: worker process 28 exited with code 0
2023/07/20 13:55:14 [notice] 1#1: worker process 35 exited with code 0
2023/07/20 13:55:14 [notice] 1#1: signal 29 (SIGIO) received
2023/07/20 13:55:14 [notice] 1#1: signal 17 (SIGCHLD) received from 35
2023/07/20 13:55:14 [notice] 1#1: worker process 23 exited with code 0
2023/07/20 13:55:14 [notice] 1#1: worker process 24 exited with code 0
2023/07/20 13:55:14 [notice] 1#1: worker process 25 exited with code 0
2023/07/20 13:55:14 [notice] 1#1: signal 29 (SIGIO) received
2023/07/20 13:55:14 [notice] 1#1: signal 17 (SIGCHLD) received from 23
2023/07/20 13:55:14 [notice] 1#1: worker process 27 exited with code 0
2023/07/20 13:55:14 [notice] 1#1: worker process 29 exited with code 0
2023/07/20 13:55:14 [notice] 1#1: worker process 33 exited with code 0
2023/07/20 13:55:14 [notice] 1#1: signal 29 (SIGIO) received
2023/07/20 13:55:14 [notice] 1#1: signal 17 (SIGCHLD) received from 34
2023/07/20 13:55:14 [notice] 1#1: worker process 20 exited with code 0
2023/07/20 13:55:14 [notice] 1#1: worker process 32 exited with code 0
2023/07/20 13:55:14 [notice] 1#1: worker process 34 exited with code 0
2023/07/20 13:55:14 [notice] 1#1: signal 29 (SIGIO) received
2023/07/20 13:55:14 [notice] 1#1: signal 17 (SIGCHLD) received from 32
2023/07/20 13:55:14 [notice] 1#1: signal 17 (SIGCHLD) received from 31
2023/07/20 13:55:14 [notice] 1#1: worker process 21 exited with code 0
2023/07/20 13:55:14 [notice] 1#1: worker process 26 exited with code 0
2023/07/20 13:55:14 [notice] 1#1: worker process 31 exited with code 0
2023/07/20 13:55:14 [notice] 1#1: signal 29 (SIGIO) received
2023/07/20 13:55:14 [notice] 1#1: signal 17 (SIGCHLD) received from 26
2023/07/20 13:55:14 [notice] 1#1: signal 17 (SIGCHLD) received from 22
2023/07/20 13:55:14 [notice] 1#1: worker process 22 exited with code 0
2023/07/20 13:55:14 [notice] 1#1: signal 29 (SIGIO) received
2023/07/20 13:55:15 [notice] 1#1: signal 17 (SIGCHLD) received from 30
2023/07/20 13:55:15 [notice] 1#1: worker process 30 exited with code 0
2023/07/20 13:55:15 [notice] 1#1: exit
2023/07/20 13:57:35 [notice] 1#1: using the "epoll" event method
2023/07/20 13:57:35 [notice] 1#1: nginx/1.23.4
2023/07/20 13:57:35 [notice] 1#1: built by gcc 10.2.1 20210110 (Debian 10.2.1-6) 
2023/07/20 13:57:35 [notice] 1#1: OS: Linux 5.15.90.1-microsoft-standard-WSL2
2023/07/20 13:57:35 [notice] 1#1: getrlimit(RLIMIT_NOFILE): 1048576:1048576
2023/07/20 13:57:35 [notice] 1#1: start worker processes
2023/07/20 13:57:35 [notice] 1#1: start worker process 20
2023/07/20 13:57:35 [notice] 1#1: start worker process 21
2023/07/20 13:57:35 [notice] 1#1: start worker process 22
2023/07/20 13:57:35 [notice] 1#1: start worker process 23
2023/07/20 13:57:35 [notice] 1#1: start worker process 24
2023/07/20 13:57:35 [notice] 1#1: start worker process 25
2023/07/20 13:57:35 [notice] 1#1: start worker process 26
2023/07/20 13:57:35 [notice] 1#1: start worker process 27
2023/07/20 13:57:35 [notice] 1#1: start worker process 28
2023/07/20 13:57:35 [notice] 1#1: start worker process 29
2023/07/20 13:57:35 [notice] 1#1: start worker process 30
2023/07/20 13:57:35 [notice] 1#1: start worker process 31
2023/07/20 13:57:35 [notice] 1#1: start worker process 32
2023/07/20 13:57:35 [notice] 1#1: start worker process 33
2023/07/20 13:57:35 [notice] 1#1: start worker process 34
2023/07/20 13:57:35 [notice] 1#1: start worker process 35
2023/07/20 14:04:22 [info] 22#22: *1 client 172.24.0.1 closed keepalive connection
2023/07/20 14:21:47 [info] 21#21: *3 client 172.24.0.1 closed keepalive connection
2023/07/20 14:35:45 [notice] 1#1: signal 3 (SIGQUIT) received, shutting down
2023/07/20 14:35:45 [notice] 20#20: gracefully shutting down
2023/07/20 14:35:45 [notice] 21#21: gracefully shutting down
2023/07/20 14:35:45 [notice] 22#22: gracefully shutting down
2023/07/20 14:35:45 [notice] 22#22: exiting
2023/07/20 14:35:45 [notice] 23#23: gracefully shutting down
2023/07/20 14:35:45 [notice] 24#24: gracefully shutting down
2023/07/20 14:35:45 [notice] 23#23: exiting
2023/07/20 14:35:45 [notice] 24#24: exiting
2023/07/20 14:35:45 [notice] 26#26: gracefully shutting down
2023/07/20 14:35:45 [notice] 27#27: gracefully shutting down
2023/07/20 14:35:45 [notice] 25#25: gracefully shutting down
2023/07/20 14:35:45 [notice] 28#28: gracefully shutting down
2023/07/20 14:35:45 [notice] 29#29: gracefully shutting down
2023/07/20 14:35:45 [notice] 30#30: gracefully shutting down
2023/07/20 14:35:45 [notice] 28#28: exiting
2023/07/20 14:35:45 [notice] 32#32: gracefully shutting down
2023/07/20 14:35:45 [notice] 26#26: exiting
2023/07/20 14:35:45 [notice] 25#25: exiting
2023/07/20 14:35:45 [notice] 29#29: exiting
2023/07/20 14:35:45 [notice] 21#21: exiting
2023/07/20 14:35:45 [notice] 34#34: gracefully shutting down
2023/07/20 14:35:45 [notice] 27#27: exiting
2023/07/20 14:35:45 [notice] 22#22: exit
2023/07/20 14:35:45 [notice] 28#28: exit
2023/07/20 14:35:45 [notice] 24#24: exit
2023/07/20 14:35:45 [notice] 30#30: exiting
2023/07/20 14:35:45 [notice] 23#23: exit
2023/07/20 14:35:45 [notice] 21#21: exit
2023/07/20 14:35:45 [notice] 25#25: exit
2023/07/20 14:35:45 [notice] 29#29: exit
2023/07/20 14:35:45 [notice] 26#26: exit
2023/07/20 14:35:45 [notice] 27#27: exit
2023/07/20 14:35:45 [notice] 32#32: exiting
2023/07/20 14:35:45 [notice] 30#30: exit
2023/07/20 14:35:45 [notice] 34#34: exiting
2023/07/20 14:35:45 [notice] 32#32: exit
2023/07/20 14:35:45 [notice] 20#20: exiting
2023/07/20 14:35:45 [notice] 34#34: exit
2023/07/20 14:35:45 [notice] 20#20: exit
2023/07/20 14:35:45 [notice] 33#33: gracefully shutting down
2023/07/20 14:35:45 [notice] 31#31: gracefully shutting down
2023/07/20 14:35:45 [notice] 35#35: gracefully shutting down
2023/07/20 14:35:45 [notice] 35#35: exiting
2023/07/20 14:35:45 [notice] 35#35: exit
2023/07/20 14:35:45 [notice] 31#31: exiting
2023/07/20 14:35:45 [notice] 33#33: exiting
2023/07/20 14:35:45 [notice] 31#31: exit
2023/07/20 14:35:45 [notice] 33#33: exit
2023/07/20 14:35:46 [notice] 1#1: signal 17 (SIGCHLD) received from 22
2023/07/20 14:35:46 [notice] 1#1: worker process 21 exited with code 0
2023/07/20 14:35:46 [notice] 1#1: worker process 22 exited with code 0
2023/07/20 14:35:46 [notice] 1#1: worker process 25 exited with code 0
2023/07/20 14:35:46 [notice] 1#1: worker process 26 exited with code 0
2023/07/20 14:35:46 [notice] 1#1: signal 29 (SIGIO) received
2023/07/20 14:35:46 [notice] 1#1: signal 17 (SIGCHLD) received from 26
2023/07/20 14:35:46 [notice] 1#1: signal 17 (SIGCHLD) received from 29
2023/07/20 14:35:46 [notice] 1#1: worker process 20 exited with code 0
2023/07/20 14:35:46 [notice] 1#1: worker process 29 exited with code 0
2023/07/20 14:35:46 [notice] 1#1: signal 29 (SIGIO) received
2023/07/20 14:35:46 [notice] 1#1: signal 17 (SIGCHLD) received from 23
2023/07/20 14:35:46 [notice] 1#1: worker process 23 exited with code 0
2023/07/20 14:35:46 [notice] 1#1: worker process 28 exited with code 0
2023/07/20 14:35:46 [notice] 1#1: worker process 30 exited with code 0
2023/07/20 14:35:46 [notice] 1#1: worker process 31 exited with code 0
2023/07/20 14:35:46 [notice] 1#1: signal 29 (SIGIO) received
2023/07/20 14:35:46 [notice] 1#1: signal 17 (SIGCHLD) received from 28
2023/07/20 14:35:46 [notice] 1#1: signal 17 (SIGCHLD) received from 34
2023/07/20 14:35:46 [notice] 1#1: worker process 33 exited with code 0
2023/07/20 14:35:46 [notice] 1#1: worker process 34 exited with code 0
2023/07/20 14:35:46 [notice] 1#1: signal 29 (SIGIO) received
2023/07/20 14:35:46 [notice] 1#1: signal 17 (SIGCHLD) received from 33
2023/07/20 14:35:46 [notice] 1#1: signal 17 (SIGCHLD) received from 24
2023/07/20 14:35:46 [notice] 1#1: worker process 24 exited with code 0
2023/07/20 14:35:46 [notice] 1#1: worker process 27 exited with code 0
2023/07/20 14:35:46 [notice] 1#1: worker process 35 exited with code 0
2023/07/20 14:35:46 [notice] 1#1: signal 17 (SIGCHLD) received from 35
2023/07/20 14:35:46 [notice] 1#1: worker process 32 exited with code 0
2023/07/20 14:35:46 [notice] 1#1: exit
2023/07/20 14:53:28 [notice] 1#1: using the "epoll" event method
2023/07/20 14:53:28 [notice] 1#1: nginx/1.23.4
2023/07/20 14:53:28 [notice] 1#1: built by gcc 10.2.1 20210110 (Debian 10.2.1-6) 
2023/07/20 14:53:28 [notice] 1#1: OS: Linux 5.15.90.1-microsoft-standard-WSL2
2023/07/20 14:53:28 [notice] 1#1: getrlimit(RLIMIT_NOFILE): 1048576:1048576
2023/07/20 14:53:28 [notice] 1#1: start worker processes
2023/07/20 14:53:28 [notice] 1#1: start worker process 20
2023/07/20 14:53:28 [notice] 1#1: start worker process 21
2023/07/20 14:53:28 [notice] 1#1: start worker process 22
2023/07/20 14:53:28 [notice] 1#1: start worker process 23
2023/07/20 14:53:28 [notice] 1#1: start worker process 24
2023/07/20 14:53:28 [notice] 1#1: start worker process 25
2023/07/20 14:53:28 [notice] 1#1: start worker process 26
2023/07/20 14:53:28 [notice] 1#1: start worker process 27
2023/07/20 14:53:28 [notice] 1#1: start worker process 28
2023/07/20 14:53:28 [notice] 1#1: start worker process 29
2023/07/20 14:53:28 [notice] 1#1: start worker process 30
2023/07/20 14:53:28 [notice] 1#1: start worker process 31
2023/07/20 14:53:28 [notice] 1#1: start worker process 32
2023/07/20 14:53:28 [notice] 1#1: start worker process 33
2023/07/20 14:53:28 [notice] 1#1: start worker process 34
2023/07/20 14:53:28 [notice] 1#1: start worker process 35
2023/07/20 15:05:27 [notice] 1#1: signal 3 (SIGQUIT) received, shutting down
2023/07/20 15:05:27 [notice] 22#22: gracefully shutting down
2023/07/20 15:05:27 [notice] 20#20: gracefully shutting down
2023/07/20 15:05:27 [notice] 21#21: gracefully shutting down
2023/07/20 15:05:27 [notice] 23#23: gracefully shutting down
2023/07/20 15:05:27 [notice] 27#27: gracefully shutting down
2023/07/20 15:05:27 [notice] 28#28: gracefully shutting down
2023/07/20 15:05:27 [notice] 29#29: gracefully shutting down
2023/07/20 15:05:27 [notice] 24#24: gracefully shutting down
2023/07/20 15:05:27 [notice] 27#27: exiting
2023/07/20 15:05:27 [notice] 22#22: exiting
2023/07/20 15:05:27 [notice] 28#28: exiting
2023/07/20 15:05:27 [notice] 26#26: gracefully shutting down
2023/07/20 15:05:27 [notice] 30#30: gracefully shutting down
2023/07/20 15:05:27 [notice] 26#26: exiting
2023/07/20 15:05:27 [notice] 21#21: exiting
2023/07/20 15:05:27 [notice] 23#23: exiting
2023/07/20 15:05:27 [notice] 22#22: exit
2023/07/20 15:05:27 [notice] 27#27: exit
2023/07/20 15:05:27 [notice] 26#26: exit
2023/07/20 15:05:27 [notice] 28#28: exit
2023/07/20 15:05:27 [notice] 23#23: exit
2023/07/20 15:05:27 [notice] 20#20: exiting
2023/07/20 15:05:27 [notice] 21#21: exit
2023/07/20 15:05:27 [notice] 24#24: exiting
2023/07/20 15:05:27 [notice] 20#20: exit
2023/07/20 15:05:27 [notice] 24#24: exit
2023/07/20 15:05:27 [notice] 29#29: exiting
2023/07/20 15:05:27 [notice] 29#29: exit
2023/07/20 15:05:27 [notice] 30#30: exiting
2023/07/20 15:05:27 [notice] 30#30: exit
2023/07/20 15:05:27 [notice] 35#35: gracefully shutting down
2023/07/20 15:05:27 [notice] 25#25: gracefully shutting down
2023/07/20 15:05:27 [notice] 34#34: gracefully shutting down
2023/07/20 15:05:27 [notice] 34#34: exiting
2023/07/20 15:05:27 [notice] 35#35: exiting
2023/07/20 15:05:27 [notice] 34#34: exit
2023/07/20 15:05:27 [notice] 35#35: exit
2023/07/20 15:05:27 [notice] 25#25: exiting
2023/07/20 15:05:27 [notice] 25#25: exit
2023/07/20 15:05:27 [notice] 33#33: gracefully shutting down
2023/07/20 15:05:27 [notice] 33#33: exiting
2023/07/20 15:05:27 [notice] 33#33: exit
2023/07/20 15:05:27 [notice] 31#31: gracefully shutting down
2023/07/20 15:05:27 [notice] 32#32: gracefully shutting down
2023/07/20 15:05:27 [notice] 32#32: exiting
2023/07/20 15:05:27 [notice] 31#31: exiting
2023/07/20 15:05:27 [notice] 32#32: exit
2023/07/20 15:05:27 [notice] 31#31: exit
2023/07/20 15:05:27 [notice] 1#1: signal 17 (SIGCHLD) received from 28
2023/07/20 15:05:27 [notice] 1#1: worker process 28 exited with code 0
2023/07/20 15:05:27 [notice] 1#1: worker process 30 exited with code 0
2023/07/20 15:05:27 [notice] 1#1: signal 29 (SIGIO) received
2023/07/20 15:05:27 [notice] 1#1: signal 17 (SIGCHLD) received from 30
2023/07/20 15:05:27 [notice] 1#1: signal 17 (SIGCHLD) received from 29
2023/07/20 15:05:27 [notice] 1#1: worker process 29 exited with code 0
2023/07/20 15:05:27 [notice] 1#1: worker process 33 exited with code 0
2023/07/20 15:05:27 [notice] 1#1: worker process 34 exited with code 0
2023/07/20 15:05:27 [notice] 1#1: signal 29 (SIGIO) received
2023/07/20 15:05:27 [notice] 1#1: signal 17 (SIGCHLD) received from 34
2023/07/20 15:05:27 [notice] 1#1: worker process 22 exited with code 0
2023/07/20 15:05:27 [notice] 1#1: worker process 23 exited with code 0
2023/07/20 15:05:27 [notice] 1#1: worker process 25 exited with code 0
2023/07/20 15:05:27 [notice] 1#1: worker process 27 exited with code 0
2023/07/20 15:05:27 [notice] 1#1: worker process 32 exited with code 0
2023/07/20 15:05:27 [notice] 1#1: signal 29 (SIGIO) received
2023/07/20 15:05:27 [notice] 1#1: signal 17 (SIGCHLD) received from 24
2023/07/20 15:05:27 [notice] 1#1: worker process 21 exited with code 0
2023/07/20 15:05:27 [notice] 1#1: worker process 24 exited with code 0
2023/07/20 15:05:27 [notice] 1#1: signal 29 (SIGIO) received
2023/07/20 15:05:27 [notice] 1#1: signal 17 (SIGCHLD) received from 20
2023/07/20 15:05:27 [notice] 1#1: worker process 20 exited with code 0
2023/07/20 15:05:27 [notice] 1#1: worker process 26 exited with code 0
2023/07/20 15:05:27 [notice] 1#1: worker process 35 exited with code 0
2023/07/20 15:05:27 [notice] 1#1: signal 29 (SIGIO) received
2023/07/20 15:05:27 [notice] 1#1: signal 17 (SIGCHLD) received from 35
2023/07/20 15:05:27 [notice] 1#1: signal 17 (SIGCHLD) received from 31
2023/07/20 15:05:27 [notice] 1#1: worker process 31 exited with code 0
2023/07/20 15:05:27 [notice] 1#1: exit
2023/07/20 15:17:05 [notice] 1#1: using the "epoll" event method
2023/07/20 15:17:05 [notice] 1#1: nginx/1.23.4
2023/07/20 15:17:05 [notice] 1#1: built by gcc 10.2.1 20210110 (Debian 10.2.1-6) 
2023/07/20 15:17:05 [notice] 1#1: OS: Linux 5.15.90.1-microsoft-standard-WSL2
2023/07/20 15:17:05 [notice] 1#1: getrlimit(RLIMIT_NOFILE): 1048576:1048576
2023/07/20 15:17:05 [notice] 1#1: start worker processes
2023/07/20 15:17:05 [notice] 1#1: start worker process 20
2023/07/20 15:17:05 [notice] 1#1: start worker process 21
2023/07/20 15:17:05 [notice] 1#1: start worker process 22
2023/07/20 15:17:05 [notice] 1#1: start worker process 23
2023/07/20 15:17:05 [notice] 1#1: start worker process 24
2023/07/20 15:17:05 [notice] 1#1: start worker process 25
2023/07/20 15:17:05 [notice] 1#1: start worker process 26
2023/07/20 15:17:05 [notice] 1#1: start worker process 27
2023/07/20 15:17:05 [notice] 1#1: start worker process 28
2023/07/20 15:17:05 [notice] 1#1: start worker process 29
2023/07/20 15:17:05 [notice] 1#1: start worker process 30
2023/07/20 15:17:05 [notice] 1#1: start worker process 31
2023/07/20 15:17:05 [notice] 1#1: start worker process 32
2023/07/20 15:17:05 [notice] 1#1: start worker process 33
2023/07/20 15:17:05 [notice] 1#1: start worker process 34
2023/07/20 15:17:05 [notice] 1#1: start worker process 35
2023/07/20 15:17:30 [notice] 1#1: signal 3 (SIGQUIT) received, shutting down
2023/07/20 15:17:30 [notice] 20#20: gracefully shutting down
2023/07/20 15:17:30 [notice] 21#21: gracefully shutting down
2023/07/20 15:17:30 [notice] 20#20: exiting
2023/07/20 15:17:30 [notice] 23#23: gracefully shutting down
2023/07/20 15:17:30 [notice] 21#21: exiting
2023/07/20 15:17:30 [notice] 24#24: gracefully shutting down
2023/07/20 15:17:30 [notice] 23#23: exiting
2023/07/20 15:17:30 [notice] 25#25: gracefully shutting down
2023/07/20 15:17:30 [notice] 24#24: exiting
2023/07/20 15:17:30 [notice] 20#20: exit
2023/07/20 15:17:30 [notice] 25#25: exiting
2023/07/20 15:17:30 [notice] 21#21: exit
2023/07/20 15:17:30 [notice] 23#23: exit
2023/07/20 15:17:30 [notice] 29#29: gracefully shutting down
2023/07/20 15:17:30 [notice] 24#24: exit
2023/07/20 15:17:30 [notice] 25#25: exit
2023/07/20 15:17:30 [notice] 29#29: exiting
2023/07/20 15:17:30 [notice] 31#31: gracefully shutting down
2023/07/20 15:17:30 [notice] 32#32: gracefully shutting down
2023/07/20 15:17:30 [notice] 31#31: exiting
2023/07/20 15:17:30 [notice] 32#32: exiting
2023/07/20 15:17:30 [notice] 29#29: exit
2023/07/20 15:17:30 [notice] 31#31: exit
2023/07/20 15:17:30 [notice] 32#32: exit
2023/07/20 15:17:30 [notice] 26#26: gracefully shutting down
2023/07/20 15:17:30 [notice] 26#26: exiting
2023/07/20 15:17:30 [notice] 27#27: gracefully shutting down
2023/07/20 15:17:30 [notice] 26#26: exit
2023/07/20 15:17:30 [notice] 27#27: exiting
2023/07/20 15:17:30 [notice] 27#27: exit
2023/07/20 15:17:30 [notice] 22#22: gracefully shutting down
2023/07/20 15:17:30 [notice] 28#28: gracefully shutting down
2023/07/20 15:17:30 [notice] 34#34: gracefully shutting down
2023/07/20 15:17:30 [notice] 28#28: exiting
2023/07/20 15:17:30 [notice] 22#22: exiting
2023/07/20 15:17:30 [notice] 34#34: exiting
2023/07/20 15:17:30 [notice] 30#30: gracefully shutting down
2023/07/20 15:17:30 [notice] 22#22: exit
2023/07/20 15:17:30 [notice] 28#28: exit
2023/07/20 15:17:30 [notice] 33#33: gracefully shutting down
2023/07/20 15:17:30 [notice] 34#34: exit
2023/07/20 15:17:30 [notice] 30#30: exiting
2023/07/20 15:17:30 [notice] 33#33: exiting
2023/07/20 15:17:30 [notice] 30#30: exit
2023/07/20 15:17:30 [notice] 33#33: exit
2023/07/20 15:17:30 [notice] 35#35: gracefully shutting down
2023/07/20 15:17:30 [notice] 35#35: exiting
2023/07/20 15:17:30 [notice] 35#35: exit
2023/07/20 15:17:30 [notice] 1#1: signal 17 (SIGCHLD) received from 22
2023/07/20 15:17:30 [notice] 1#1: worker process 21 exited with code 0
2023/07/20 15:17:30 [notice] 1#1: worker process 22 exited with code 0
2023/07/20 15:17:30 [notice] 1#1: worker process 23 exited with code 0
2023/07/20 15:17:30 [notice] 1#1: worker process 33 exited with code 0
2023/07/20 15:17:30 [notice] 1#1: signal 29 (SIGIO) received
2023/07/20 15:17:30 [notice] 1#1: signal 17 (SIGCHLD) received from 23
2023/07/20 15:17:30 [notice] 1#1: signal 17 (SIGCHLD) received from 27
2023/07/20 15:17:30 [notice] 1#1: worker process 27 exited with code 0
2023/07/20 15:17:30 [notice] 1#1: worker process 35 exited with code 0
2023/07/20 15:17:30 [notice] 1#1: signal 29 (SIGIO) received
2023/07/20 15:17:30 [notice] 1#1: signal 17 (SIGCHLD) received from 31
2023/07/20 15:17:30 [notice] 1#1: worker process 30 exited with code 0
2023/07/20 15:17:30 [notice] 1#1: worker process 31 exited with code 0
2023/07/20 15:17:30 [notice] 1#1: signal 29 (SIGIO) received
2023/07/20 15:17:30 [notice] 1#1: signal 17 (SIGCHLD) received from 26
2023/07/20 15:17:30 [notice] 1#1: worker process 26 exited with code 0
2023/07/20 15:17:30 [notice] 1#1: signal 29 (SIGIO) received
2023/07/20 15:17:30 [notice] 1#1: signal 17 (SIGCHLD) received from 20
2023/07/20 15:17:30 [notice] 1#1: worker process 20 exited with code 0
2023/07/20 15:17:30 [notice] 1#1: signal 29 (SIGIO) received
2023/07/20 15:17:30 [notice] 1#1: signal 17 (SIGCHLD) received from 32
2023/07/20 15:17:30 [notice] 1#1: worker process 32 exited with code 0
2023/07/20 15:17:30 [notice] 1#1: signal 29 (SIGIO) received
2023/07/20 15:17:30 [notice] 1#1: signal 17 (SIGCHLD) received from 28
2023/07/20 15:17:30 [notice] 1#1: worker process 24 exited with code 0
2023/07/20 15:17:30 [notice] 1#1: worker process 28 exited with code 0
2023/07/20 15:17:30 [notice] 1#1: worker process 29 exited with code 0
2023/07/20 15:17:30 [notice] 1#1: signal 29 (SIGIO) received
2023/07/20 15:17:30 [notice] 1#1: signal 17 (SIGCHLD) received from 24
2023/07/20 15:17:30 [notice] 1#1: signal 17 (SIGCHLD) received from 34
2023/07/20 15:17:30 [notice] 1#1: worker process 34 exited with code 0
2023/07/20 15:17:30 [notice] 1#1: signal 29 (SIGIO) received
2023/07/20 15:17:30 [notice] 1#1: signal 17 (SIGCHLD) received from 25
2023/07/20 15:17:30 [notice] 1#1: worker process 25 exited with code 0
2023/07/20 15:17:30 [notice] 1#1: exit
2023/07/20 15:17:53 [notice] 1#1: using the "epoll" event method
2023/07/20 15:17:53 [notice] 1#1: nginx/1.23.4
2023/07/20 15:17:53 [notice] 1#1: built by gcc 10.2.1 20210110 (Debian 10.2.1-6) 
2023/07/20 15:17:53 [notice] 1#1: OS: Linux 5.15.90.1-microsoft-standard-WSL2
2023/07/20 15:17:53 [notice] 1#1: getrlimit(RLIMIT_NOFILE): 1048576:1048576
2023/07/20 15:17:53 [notice] 1#1: start worker processes
2023/07/20 15:17:53 [notice] 1#1: start worker process 20
2023/07/20 15:17:53 [notice] 1#1: start worker process 21
2023/07/20 15:17:53 [notice] 1#1: start worker process 22
2023/07/20 15:17:53 [notice] 1#1: start worker process 23
2023/07/20 15:17:53 [notice] 1#1: start worker process 24
2023/07/20 15:17:53 [notice] 1#1: start worker process 25
2023/07/20 15:17:53 [notice] 1#1: start worker process 26
2023/07/20 15:17:53 [notice] 1#1: start worker process 27
2023/07/20 15:17:53 [notice] 1#1: start worker process 28
2023/07/20 15:17:53 [notice] 1#1: start worker process 29
2023/07/20 15:17:53 [notice] 1#1: start worker process 30
2023/07/20 15:17:53 [notice] 1#1: start worker process 31
2023/07/20 15:17:53 [notice] 1#1: start worker process 32
2023/07/20 15:17:53 [notice] 1#1: start worker process 33
2023/07/20 15:17:53 [notice] 1#1: start worker process 34
2023/07/20 15:17:53 [notice] 1#1: start worker process 35
2023/07/20 15:28:24 [notice] 1#1: signal 3 (SIGQUIT) received, shutting down
2023/07/20 15:28:24 [notice] 20#20: gracefully shutting down
2023/07/20 15:28:24 [notice] 21#21: gracefully shutting down
2023/07/20 15:28:24 [notice] 20#20: exiting
2023/07/20 15:28:24 [notice] 22#22: gracefully shutting down
2023/07/20 15:28:24 [notice] 23#23: gracefully shutting down
2023/07/20 15:28:24 [notice] 22#22: exiting
2023/07/20 15:28:24 [notice] 24#24: gracefully shutting down
2023/07/20 15:28:24 [notice] 25#25: gracefully shutting down
2023/07/20 15:28:24 [notice] 20#20: exit
2023/07/20 15:28:24 [notice] 24#24: exiting
2023/07/20 15:28:24 [notice] 22#22: exit
2023/07/20 15:28:24 [notice] 26#26: gracefully shutting down
2023/07/20 15:28:24 [notice] 21#21: exiting
2023/07/20 15:28:24 [notice] 25#25: exiting
2023/07/20 15:28:24 [notice] 23#23: exiting
2023/07/20 15:28:24 [notice] 27#27: gracefully shutting down
2023/07/20 15:28:24 [notice] 28#28: gracefully shutting down
2023/07/20 15:28:24 [notice] 26#26: exiting
2023/07/20 15:28:24 [notice] 24#24: exit
2023/07/20 15:28:24 [notice] 29#29: gracefully shutting down
2023/07/20 15:28:24 [notice] 21#21: exit
2023/07/20 15:28:24 [notice] 23#23: exit
2023/07/20 15:28:24 [notice] 25#25: exit
2023/07/20 15:28:24 [notice] 29#29: exiting
2023/07/20 15:28:24 [notice] 28#28: exiting
2023/07/20 15:28:24 [notice] 26#26: exit
2023/07/20 15:28:24 [notice] 27#27: exiting
2023/07/20 15:28:24 [notice] 29#29: exit
2023/07/20 15:28:24 [notice] 28#28: exit
2023/07/20 15:28:24 [notice] 27#27: exit
2023/07/20 15:28:24 [notice] 30#30: gracefully shutting down
2023/07/20 15:28:24 [notice] 32#32: gracefully shutting down
2023/07/20 15:28:24 [notice] 31#31: gracefully shutting down
2023/07/20 15:28:24 [notice] 34#34: gracefully shutting down
2023/07/20 15:28:24 [notice] 30#30: exiting
2023/07/20 15:28:24 [notice] 35#35: gracefully shutting down
2023/07/20 15:28:24 [notice] 31#31: exiting
2023/07/20 15:28:24 [notice] 32#32: exiting
2023/07/20 15:28:24 [notice] 30#30: exit
2023/07/20 15:28:24 [notice] 31#31: exit
2023/07/20 15:28:24 [notice] 32#32: exit
2023/07/20 15:28:24 [notice] 34#34: exiting
2023/07/20 15:28:24 [notice] 35#35: exiting
2023/07/20 15:28:24 [notice] 33#33: gracefully shutting down
2023/07/20 15:28:24 [notice] 34#34: exit
2023/07/20 15:28:24 [notice] 33#33: exiting
2023/07/20 15:28:24 [notice] 35#35: exit
2023/07/20 15:28:24 [notice] 33#33: exit
2023/07/20 15:28:24 [notice] 1#1: signal 17 (SIGCHLD) received from 28
2023/07/20 15:28:24 [notice] 1#1: worker process 28 exited with code 0
2023/07/20 15:28:24 [notice] 1#1: signal 29 (SIGIO) received
2023/07/20 15:28:24 [notice] 1#1: signal 17 (SIGCHLD) received from 31
2023/07/20 15:28:24 [notice] 1#1: worker process 20 exited with code 0
2023/07/20 15:28:24 [notice] 1#1: worker process 26 exited with code 0
2023/07/20 15:28:24 [notice] 1#1: worker process 31 exited with code 0
2023/07/20 15:28:24 [notice] 1#1: signal 29 (SIGIO) received
2023/07/20 15:28:24 [notice] 1#1: signal 17 (SIGCHLD) received from 20
2023/07/20 15:28:24 [notice] 1#1: signal 17 (SIGCHLD) received from 34
2023/07/20 15:28:24 [notice] 1#1: worker process 34 exited with code 0
2023/07/20 15:28:24 [notice] 1#1: signal 29 (SIGIO) received
2023/07/20 15:28:24 [notice] 1#1: signal 17 (SIGCHLD) received from 29
2023/07/20 15:28:24 [notice] 1#1: worker process 23 exited with code 0
2023/07/20 15:28:24 [notice] 1#1: worker process 25 exited with code 0
2023/07/20 15:28:24 [notice] 1#1: worker process 29 exited with code 0
2023/07/20 15:28:24 [notice] 1#1: worker process 35 exited with code 0
2023/07/20 15:28:24 [notice] 1#1: signal 29 (SIGIO) received
2023/07/20 15:28:24 [notice] 1#1: signal 17 (SIGCHLD) received from 35
2023/07/20 15:28:24 [notice] 1#1: signal 17 (SIGCHLD) received from 33
2023/07/20 15:28:24 [notice] 1#1: worker process 33 exited with code 0
2023/07/20 15:28:24 [notice] 1#1: signal 29 (SIGIO) received
2023/07/20 15:28:24 [notice] 1#1: signal 17 (SIGCHLD) received from 30
2023/07/20 15:28:24 [notice] 1#1: worker process 21 exited with code 0
2023/07/20 15:28:24 [notice] 1#1: worker process 24 exited with code 0
2023/07/20 15:28:24 [notice] 1#1: worker process 30 exited with code 0
2023/07/20 15:28:24 [notice] 1#1: signal 29 (SIGIO) received
2023/07/20 15:28:24 [notice] 1#1: signal 17 (SIGCHLD) received from 24
2023/07/20 15:28:24 [notice] 1#1: signal 17 (SIGCHLD) received from 32
2023/07/20 15:28:24 [notice] 1#1: worker process 32 exited with code 0
2023/07/20 15:28:24 [notice] 1#1: signal 29 (SIGIO) received
2023/07/20 15:28:24 [notice] 1#1: signal 17 (SIGCHLD) received from 22
2023/07/20 15:28:24 [notice] 1#1: worker process 22 exited with code 0
2023/07/20 15:28:24 [notice] 1#1: signal 29 (SIGIO) received
2023/07/20 15:28:24 [notice] 1#1: signal 17 (SIGCHLD) received from 27
2023/07/20 15:28:24 [notice] 1#1: worker process 27 exited with code 0
2023/07/20 15:28:24 [notice] 1#1: exit
2023/07/20 15:28:59 [emerg] 1#1: host not found in upstream "php" in /etc/nginx/conf.d/defalut.conf:11
2023/07/20 15:30:54 [emerg] 1#1: host not found in upstream "php" in /etc/nginx/conf.d/defalut.conf:11
2023/07/20 15:31:17 [emerg] 1#1: host not found in upstream "php" in /etc/nginx/conf.d/defalut.conf:11
2023/07/20 15:32:50 [emerg] 1#1: host not found in upstream "php" in /etc/nginx/conf.d/defalut.conf:11
2023/07/20 15:33:07 [emerg] 1#1: host not found in upstream "php" in /etc/nginx/conf.d/defalut.conf:11
2023/07/20 15:37:47 [notice] 1#1: using the "epoll" event method
2023/07/20 15:37:47 [notice] 1#1: nginx/1.23.4
2023/07/20 15:37:47 [notice] 1#1: built by gcc 10.2.1 20210110 (Debian 10.2.1-6) 
2023/07/20 15:37:47 [notice] 1#1: OS: Linux 5.15.90.1-microsoft-standard-WSL2
2023/07/20 15:37:47 [notice] 1#1: getrlimit(RLIMIT_NOFILE): 1048576:1048576
2023/07/20 15:37:47 [notice] 1#1: start worker processes
2023/07/20 15:37:47 [notice] 1#1: start worker process 20
2023/07/20 15:37:47 [notice] 1#1: start worker process 21
2023/07/20 15:37:47 [notice] 1#1: start worker process 22
2023/07/20 15:37:47 [notice] 1#1: start worker process 23
2023/07/20 15:37:47 [notice] 1#1: start worker process 24
2023/07/20 15:37:47 [notice] 1#1: start worker process 25
2023/07/20 15:37:47 [notice] 1#1: start worker process 26
2023/07/20 15:37:47 [notice] 1#1: start worker process 27
2023/07/20 15:37:47 [notice] 1#1: start worker process 28
2023/07/20 15:37:47 [notice] 1#1: start worker process 29
2023/07/20 15:37:47 [notice] 1#1: start worker process 30
2023/07/20 15:37:47 [notice] 1#1: start worker process 31
2023/07/20 15:37:47 [notice] 1#1: start worker process 32
2023/07/20 15:37:47 [notice] 1#1: start worker process 33
2023/07/20 15:37:47 [notice] 1#1: start worker process 34
2023/07/20 15:37:47 [notice] 1#1: start worker process 35
2023/07/20 15:52:26 [notice] 1#1: signal 3 (SIGQUIT) received, shutting down
2023/07/20 15:52:26 [notice] 20#20: gracefully shutting down
2023/07/20 15:52:26 [notice] 21#21: gracefully shutting down
2023/07/20 15:52:26 [notice] 24#24: gracefully shutting down
2023/07/20 15:52:26 [notice] 23#23: gracefully shutting down
2023/07/20 15:52:26 [notice] 20#20: exiting
2023/07/20 15:52:26 [notice] 23#23: exiting
2023/07/20 15:52:26 [notice] 27#27: gracefully shutting down
2023/07/20 15:52:26 [notice] 26#26: gracefully shutting down
2023/07/20 15:52:26 [notice] 21#21: exiting
2023/07/20 15:52:26 [notice] 24#24: exiting
2023/07/20 15:52:26 [notice] 25#25: gracefully shutting down
2023/07/20 15:52:26 [notice] 29#29: gracefully shutting down
2023/07/20 15:52:26 [notice] 28#28: gracefully shutting down
2023/07/20 15:52:26 [notice] 26#26: exiting
2023/07/20 15:52:26 [notice] 25#25: exiting
2023/07/20 15:52:26 [notice] 32#32: gracefully shutting down
2023/07/20 15:52:26 [notice] 27#27: exiting
2023/07/20 15:52:26 [notice] 31#31: gracefully shutting down
2023/07/20 15:52:26 [notice] 35#35: gracefully shutting down
2023/07/20 15:52:26 [notice] 21#21: exit
2023/07/20 15:52:26 [notice] 24#24: exit
2023/07/20 15:52:26 [notice] 30#30: gracefully shutting down
2023/07/20 15:52:26 [notice] 32#32: exiting
2023/07/20 15:52:26 [notice] 28#28: exiting
2023/07/20 15:52:26 [notice] 29#29: exiting
2023/07/20 15:52:26 [notice] 26#26: exit
2023/07/20 15:52:26 [notice] 33#33: gracefully shutting down
2023/07/20 15:52:26 [notice] 35#35: exiting
2023/07/20 15:52:26 [notice] 25#25: exit
2023/07/20 15:52:26 [notice] 27#27: exit
2023/07/20 15:52:26 [notice] 20#20: exit
2023/07/20 15:52:26 [notice] 32#32: exit
2023/07/20 15:52:26 [notice] 28#28: exit
2023/07/20 15:52:26 [notice] 29#29: exit
2023/07/20 15:52:26 [notice] 30#30: exiting
2023/07/20 15:52:26 [notice] 31#31: exiting
2023/07/20 15:52:26 [notice] 35#35: exit
2023/07/20 15:52:26 [notice] 30#30: exit
2023/07/20 15:52:26 [notice] 31#31: exit
2023/07/20 15:52:26 [notice] 33#33: exiting
2023/07/20 15:52:26 [notice] 33#33: exit
2023/07/20 15:52:26 [notice] 23#23: exit
2023/07/20 15:52:26 [notice] 22#22: gracefully shutting down
2023/07/20 15:52:26 [notice] 34#34: gracefully shutting down
2023/07/20 15:52:26 [notice] 22#22: exiting
2023/07/20 15:52:26 [notice] 34#34: exiting
2023/07/20 15:52:26 [notice] 22#22: exit
2023/07/20 15:52:26 [notice] 34#34: exit
2023/07/20 15:52:27 [notice] 1#1: signal 17 (SIGCHLD) received from 20
2023/07/20 15:52:27 [notice] 1#1: worker process 20 exited with code 0
2023/07/20 15:52:27 [notice] 1#1: signal 29 (SIGIO) received
2023/07/20 15:52:27 [notice] 1#1: signal 17 (SIGCHLD) received from 21
2023/07/20 15:52:27 [notice] 1#1: worker process 21 exited with code 0
2023/07/20 15:52:27 [notice] 1#1: worker process 22 exited with code 0
2023/07/20 15:52:27 [notice] 1#1: worker process 24 exited with code 0
2023/07/20 15:52:27 [notice] 1#1: worker process 29 exited with code 0
2023/07/20 15:52:27 [notice] 1#1: worker process 33 exited with code 0
2023/07/20 15:52:27 [notice] 1#1: signal 29 (SIGIO) received
2023/07/20 15:52:27 [notice] 1#1: signal 17 (SIGCHLD) received from 29
2023/07/20 15:52:27 [notice] 1#1: signal 17 (SIGCHLD) received from 35
2023/07/20 15:52:27 [notice] 1#1: worker process 30 exited with code 0
2023/07/20 15:52:27 [notice] 1#1: worker process 32 exited with code 0
2023/07/20 15:52:27 [notice] 1#1: worker process 34 exited with code 0
2023/07/20 15:52:27 [notice] 1#1: worker process 35 exited with code 0
2023/07/20 15:52:27 [notice] 1#1: signal 29 (SIGIO) received
2023/07/20 15:52:27 [notice] 1#1: signal 17 (SIGCHLD) received from 34
2023/07/20 15:52:27 [notice] 1#1: signal 17 (SIGCHLD) received from 31
2023/07/20 15:52:27 [notice] 1#1: worker process 31 exited with code 0
2023/07/20 15:52:27 [notice] 1#1: signal 29 (SIGIO) received
2023/07/20 15:52:27 [notice] 1#1: signal 17 (SIGCHLD) received from 25
2023/07/20 15:52:27 [notice] 1#1: worker process 25 exited with code 0
2023/07/20 15:52:27 [notice] 1#1: worker process 26 exited with code 0
2023/07/20 15:52:27 [notice] 1#1: signal 29 (SIGIO) received
2023/07/20 15:52:27 [notice] 1#1: signal 17 (SIGCHLD) received from 26
2023/07/20 15:52:27 [notice] 1#1: signal 17 (SIGCHLD) received from 28
2023/07/20 15:52:27 [notice] 1#1: worker process 27 exited with code 0
2023/07/20 15:52:27 [notice] 1#1: worker process 28 exited with code 0
2023/07/20 15:52:27 [notice] 1#1: worker process 23 exited with code 0
2023/07/20 15:52:27 [notice] 1#1: exit
2023/07/21 06:20:42 [emerg] 1#1: host not found in upstream "php" in /etc/nginx/conf.d/defalut.conf:11
2023/07/21 06:21:03 [emerg] 1#1: host not found in upstream "php" in /etc/nginx/conf.d/defalut.conf:11
2023/07/21 06:29:42 [notice] 1#1: using the "epoll" event method
2023/07/21 06:29:42 [notice] 1#1: nginx/1.23.4
2023/07/21 06:29:42 [notice] 1#1: built by gcc 10.2.1 20210110 (Debian 10.2.1-6) 
2023/07/21 06:29:42 [notice] 1#1: OS: Linux 5.15.90.1-microsoft-standard-WSL2
2023/07/21 06:29:42 [notice] 1#1: getrlimit(RLIMIT_NOFILE): 1048576:1048576
2023/07/21 06:29:42 [notice] 1#1: start worker processes
2023/07/21 06:29:42 [notice] 1#1: start worker process 20
2023/07/21 06:29:42 [notice] 1#1: start worker process 21
2023/07/21 06:29:42 [notice] 1#1: start worker process 22
2023/07/21 06:29:42 [notice] 1#1: start worker process 23
2023/07/21 06:29:42 [notice] 1#1: start worker process 24
2023/07/21 06:29:42 [notice] 1#1: start worker process 25
2023/07/21 06:29:42 [notice] 1#1: start worker process 26
2023/07/21 06:29:42 [notice] 1#1: start worker process 27
2023/07/21 06:29:42 [notice] 1#1: start worker process 28
2023/07/21 06:29:42 [notice] 1#1: start worker process 29
2023/07/21 06:29:42 [notice] 1#1: start worker process 30
2023/07/21 06:29:42 [notice] 1#1: start worker process 31
2023/07/21 06:29:42 [notice] 1#1: start worker process 32
2023/07/21 06:29:42 [notice] 1#1: start worker process 33
2023/07/21 06:29:42 [notice] 1#1: start worker process 34
2023/07/21 06:29:42 [notice] 1#1: start worker process 35
2023/07/22 15:48:13 [notice] 1#1: using the "epoll" event method
2023/07/22 15:48:13 [notice] 1#1: nginx/1.23.4
2023/07/22 15:48:13 [notice] 1#1: built by gcc 10.2.1 20210110 (Debian 10.2.1-6) 
2023/07/22 15:48:13 [notice] 1#1: OS: Linux 5.15.90.1-microsoft-standard-WSL2
2023/07/22 15:48:13 [notice] 1#1: getrlimit(RLIMIT_NOFILE): 1048576:1048576
2023/07/22 15:48:13 [notice] 1#1: start worker processes
2023/07/22 15:48:13 [notice] 1#1: start worker process 20
2023/07/22 15:48:13 [notice] 1#1: start worker process 21
2023/07/22 15:48:13 [notice] 1#1: start worker process 22
2023/07/22 15:48:13 [notice] 1#1: start worker process 23
2023/07/22 15:48:13 [notice] 1#1: start worker process 24
2023/07/22 15:48:13 [notice] 1#1: start worker process 25
2023/07/22 15:48:13 [notice] 1#1: start worker process 26
2023/07/22 15:48:13 [notice] 1#1: start worker process 27
2023/07/22 15:48:13 [notice] 1#1: start worker process 28
2023/07/22 15:48:13 [notice] 1#1: start worker process 29
2023/07/22 15:48:13 [notice] 1#1: start worker process 30
2023/07/22 15:48:13 [notice] 1#1: start worker process 31
2023/07/22 15:48:13 [notice] 1#1: start worker process 32
2023/07/22 15:48:13 [notice] 1#1: start worker process 33
2023/07/22 15:48:13 [notice] 1#1: start worker process 34
2023/07/22 15:48:13 [notice] 1#1: start worker process 35
